Unity Editor version:    2021.3.16f1 (4016570cf34f)
Branch:                  2021.3/staging
Build type:              Release
Batch mode:              YES
macOS version:           Version 13.0.1 (Build 22A400)
Darwin version:          22.1.0
Architecture:            arm64
Running under Rosetta:   NO
Available memory:        8192 MB
Using pre-set license
Pro License: YES

COMMAND LINE ARGUMENTS:
/Applications/Unity/Hub/Editor/2021.3.16f1/Unity.app/Contents/MacOS/Unity
-adb2
-batchMode
-noUpm
-name
AssetImportWorker1
-projectPath
/Users/fabian/Projects/TreasureHunt-Main/TreasureHunt/TreasureHunt
-logFile
Logs/AssetImportWorker1.log
-srvPort
49360
Successfully changed project path to: /Users/fabian/Projects/TreasureHunt-Main/TreasureHunt/TreasureHunt
/Users/fabian/Projects/TreasureHunt-Main/TreasureHunt/TreasureHunt
[UnityMemory] Configuration Parameters - Can be set up in boot.config
    "memorysetup-bucket-allocator-granularity=16"
    "memorysetup-bucket-allocator-bucket-count=8"
    "memorysetup-bucket-allocator-block-size=33554432"
    "memorysetup-bucket-allocator-block-count=8"
    "memorysetup-main-allocator-block-size=16777216"
    "memorysetup-thread-allocator-block-size=16777216"
    "memorysetup-gfx-main-allocator-block-size=16777216"
    "memorysetup-gfx-thread-allocator-block-size=16777216"
    "memorysetup-cache-allocator-block-size=4194304"
    "memorysetup-typetree-allocator-block-size=2097152"
    "memorysetup-profiler-bucket-allocator-granularity=16"
    "memorysetup-profiler-bucket-allocator-bucket-count=8"
    "memorysetup-profiler-bucket-allocator-block-size=33554432"
    "memorysetup-profiler-bucket-allocator-block-count=8"
    "memorysetup-profiler-allocator-block-size=16777216"
    "memorysetup-profiler-editor-allocator-block-size=1048576"
    "memorysetup-temp-allocator-size-main=16777216"
    "memorysetup-job-temp-allocator-block-size=2097152"
    "memorysetup-job-temp-allocator-block-size-background=1048576"
    "memorysetup-job-temp-allocator-reduction-small-platforms=262144"
    "memorysetup-temp-allocator-size-background-worker=32768"
    "memorysetup-temp-allocator-size-job-worker=262144"
    "memorysetup-temp-allocator-size-preload-manager=33554432"
    "memorysetup-temp-allocator-size-nav-mesh-worker=65536"
    "memorysetup-temp-allocator-size-audio-worker=65536"
    "memorysetup-temp-allocator-size-cloud-worker=32768"
    "memorysetup-temp-allocator-size-gi-baking-worker=262144"
    "memorysetup-temp-allocator-size-gfx=262144"
Player connection [8766285056] Host "[IP] 192.168.100.88 [Port] 0 [Flags] 2 [Guid] 3629833704 [EditorId] 3629833704 [Version] 1048832 [Id] OSXEditor(0,Fabians-MacBook-Air.local) [Debug] 1 [PackageName] OSXEditor [ProjectName] Editor" joined multi-casting on [225.0.0.222:54997]...

Player connection [8766285056] Host "[IP] 192.168.100.88 [Port] 0 [Flags] 2 [Guid] 3629833704 [EditorId] 3629833704 [Version] 1048832 [Id] OSXEditor(0,Fabians-MacBook-Air.local) [Debug] 1 [PackageName] OSXEditor [ProjectName] Editor" joined alternative multi-casting on [225.0.0.222:34997]...

Refreshing native plugins compatible for Editor in 64.75 ms, found 3 plugins.
Preloading 0 native plugins for Editor in 0.00 ms.
Initialize engine version: 2021.3.16f1 (4016570cf34f)
[Subsystems] Discovering subsystems at path /Applications/Unity/Hub/Editor/2021.3.16f1/Unity.app/Contents/Resources/UnitySubsystems
[Subsystems] Discovering subsystems at path /Users/fabian/Projects/TreasureHunt-Main/TreasureHunt/TreasureHunt/Assets
GfxDevice: creating device client; threaded=0; jobified=0
 preferred device: Apple M2 (high power)
Metal devices available: 1
0: Apple M2 (high power)
Using device Apple M2 (high power)
Initializing Metal device caps: Apple M2
Initialize mono
Mono path[0] = '/Applications/Unity/Hub/Editor/2021.3.16f1/Unity.app/Contents/Managed'
Mono path[1] = '/Applications/Unity/Hub/Editor/2021.3.16f1/Unity.app/Contents/MonoBleedingEdge/lib/mono/unityjit-macos'
Mono config path = '/Applications/Unity/Hub/Editor/2021.3.16f1/Unity.app/Contents/MonoBleedingEdge/etc'
Using monoOptions --debugger-agent=transport=dt_socket,embedding=1,server=y,suspend=n,address=127.0.0.1:56977
Begin MonoManager ReloadAssembly
Registering precompiled unity dll's ...
Register platform support module: /Applications/Unity/Hub/Editor/2021.3.16f1/PlaybackEngines/WebGLSupport/UnityEditor.WebGL.Extensions.dll
Register platform support module: /Applications/Unity/Hub/Editor/2021.3.16f1/Unity.app/Contents/PlaybackEngines/MacStandaloneSupport/UnityEditor.OSXStandalone.Extensions.dll
Registered in 0.001998 seconds.
Native extension for OSXStandalone target not found
Native extension for WebGL target not found
Refreshing native plugins compatible for Editor in 67.57 ms, found 3 plugins.
Preloading 0 native plugins for Editor in 0.00 ms.
Mono: successfully reloaded assembly
- Completed reload, in  0.422 seconds
Domain Reload Profiling:
	ReloadAssembly (422ms)
		BeginReloadAssembly (64ms)
			ExecutionOrderSort (0ms)
			DisableScriptedObjects (0ms)
			BackupInstance (0ms)
			ReleaseScriptingObjects (0ms)
			CreateAndSetChildDomain (0ms)
		EndReloadAssembly (297ms)
			LoadAssemblies (65ms)
			RebuildTransferFunctionScriptingTraits (0ms)
			SetupTypeCache (61ms)
			ReleaseScriptCaches (0ms)
			RebuildScriptCaches (18ms)
			SetupLoadedEditorAssemblies (193ms)
				LogAssemblyErrors (0ms)
				InitializePlatformSupportModulesInManaged (3ms)
				SetLoadedEditorAssemblies (0ms)
				RefreshPlugins (68ms)
				BeforeProcessingInitializeOnLoad (1ms)
				ProcessInitializeOnLoadAttributes (99ms)
				ProcessInitializeOnLoadMethodAttributes (22ms)
				AfterProcessingInitializeOnLoad (0ms)
				EditorAssembliesLoaded (0ms)
			ExecutionOrderSort2 (0ms)
			AwakeInstancesAfterBackupRestoration (0ms)
Platform modules already initialized, skipping
Registering precompiled user dll's ...
Registered in 0.002504 seconds.
Begin MonoManager ReloadAssembly
Symbol file LoadedFromMemory doesn't match image /Users/fabian/Projects/TreasureHunt-Main/TreasureHunt/TreasureHunt/Library/PackageCache/com.unity.visualscripting@1.7.8/Editor/VisualScripting.Core/Dependencies/YamlDotNet/Unity.VisualScripting.YamlDotNet.dll
Symbol file LoadedFromMemory doesn't match image /Users/fabian/Projects/TreasureHunt-Main/TreasureHunt/TreasureHunt/Library/PackageCache/com.unity.visualscripting@1.7.8/Editor/VisualScripting.Core/Dependencies/DotNetZip/Unity.VisualScripting.IonicZip.dll
Native extension for OSXStandalone target not found
Native extension for WebGL target not found
Refreshing native plugins compatible for Editor in 66.42 ms, found 3 plugins.
Preloading 0 native plugins for Editor in 0.00 ms.
Mono: successfully reloaded assembly
- Completed reload, in  0.699 seconds
Domain Reload Profiling:
	ReloadAssembly (699ms)
		BeginReloadAssembly (53ms)
			ExecutionOrderSort (0ms)
			DisableScriptedObjects (3ms)
			BackupInstance (0ms)
			ReleaseScriptingObjects (0ms)
			CreateAndSetChildDomain (14ms)
		EndReloadAssembly (581ms)
			LoadAssemblies (64ms)
			RebuildTransferFunctionScriptingTraits (0ms)
			SetupTypeCache (143ms)
			ReleaseScriptCaches (0ms)
			RebuildScriptCaches (36ms)
			SetupLoadedEditorAssemblies (311ms)
				LogAssemblyErrors (0ms)
				InitializePlatformSupportModulesInManaged (2ms)
				SetLoadedEditorAssemblies (0ms)
				RefreshPlugins (66ms)
				BeforeProcessingInitializeOnLoad (54ms)
				ProcessInitializeOnLoadAttributes (166ms)
				ProcessInitializeOnLoadMethodAttributes (21ms)
				AfterProcessingInitializeOnLoad (1ms)
				EditorAssembliesLoaded (0ms)
			ExecutionOrderSort2 (0ms)
			AwakeInstancesAfterBackupRestoration (2ms)
Platform modules already initialized, skipping
========================================================================
Worker process is ready to serve import requests
Launching external process: /Applications/Unity/Hub/Editor/2021.3.16f1/Unity.app/Contents/Tools/UnityShaderCompiler
Launched and connected shader compiler UnityShaderCompiler after 0.05 seconds
Refreshing native plugins compatible for Editor in 0.50 ms, found 3 plugins.
Preloading 0 native plugins for Editor in 0.00 ms.
Unloading 4255 Unused Serialized files (Serialized files now loaded: 0)
Unloading 57 unused Assets / (240.5 KB). Loaded Objects now: 4706.
Memory consumption went from 154.6 MB to 154.4 MB.
Total: 2.477875 ms (FindLiveObjects: 0.122250 ms CreateObjectMapping: 0.059750 ms MarkObjects: 2.193792 ms  DeleteObjects: 0.101667 ms)

AssetImportParameters requested are different than current active one (requested -> active):
  custom:video-decoder-ogg-theora: a1e56fd34408186e4bbccfd4996cb3dc -> 
  custom:container-muxer-webm: aa71ff27fc2769a1b78a27578f13a17b -> 
  custom:container-demuxer-webm: 4f35f7cbe854078d1ac9338744f61a02 -> 
  custom:video-encoder-webm-vp8: eb34c28f22e8b96e1ab97ce403110664 -> 
  custom:framework-osx-AVFoundation: e770b220cccbd017edd2c1fefb359320 -> 
  custom:audio-encoder-webm-vorbis: bf7c407c2cedff20999df2af8eb42d56 -> 
  custom:container-demuxer-ogg: 62fdf1f143b41e24485cea50d1cbac27 -> 
  custom:video-decoder-webm-vp8: 9c59270c3fd7afecdb556c50c9e8de78 -> 
  custom:audio-decoder-ogg-vorbis: bf7c407c2cedff20999df2af8eb42d56 -> 
========================================================================
Received Import Request.
  Time since last request: 217.573729 seconds.
  path: Assets/Prefabs/Environment/BottomRoom.prefab
  artifactKey: Guid(20be16876e957412b8bf0e47f4056bb9) Importer(815301076,1909f56bfc062723c751e8b465ee728b)
Start importing Assets/Prefabs/Environment/BottomRoom.prefab using Guid(20be16876e957412b8bf0e47f4056bb9) Importer(815301076,1909f56bfc062723c751e8b465ee728b)  -> (artifact id: 'd9ee3b21aa9e4a8681d9ccee5bcdf60c') in 0.112207 seconds 
========================================================================
Received Import Request.
  Time since last request: 1.292206 seconds.
  path: Assets/Prefabs/Environment/BottomRoom.prefab
  artifactKey: Guid(20be16876e957412b8bf0e47f4056bb9) Importer(815301076,1909f56bfc062723c751e8b465ee728b)
Start importing Assets/Prefabs/Environment/BottomRoom.prefab using Guid(20be16876e957412b8bf0e47f4056bb9) Importer(815301076,1909f56bfc062723c751e8b465ee728b)  -> (artifact id: 'f0cb739c8e44b64700c0f5a04f656285') in 0.008735 seconds 
========================================================================
Received Import Request.
  Time since last request: 0.000042 seconds.
  path: Assets/Prefabs/Environment/RightDoor.prefab
  artifactKey: Guid(415a59e01e415804f92d45abf89d8286) Importer(815301076,1909f56bfc062723c751e8b465ee728b)
Start importing Assets/Prefabs/Environment/RightDoor.prefab using Guid(415a59e01e415804f92d45abf89d8286) Importer(815301076,1909f56bfc062723c751e8b465ee728b)  -> (artifact id: '795e668527748817c03a5048e0819b8a') in 0.007041 seconds 
========================================================================
Received Import Request.
  Time since last request: 0.000026 seconds.
  path: Assets/Prefabs/Environment/TopRoom.prefab
  artifactKey: Guid(5ca27d11aac5b4be99ec652fca7c58a9) Importer(815301076,1909f56bfc062723c751e8b465ee728b)
Start importing Assets/Prefabs/Environment/TopRoom.prefab using Guid(5ca27d11aac5b4be99ec652fca7c58a9) Importer(815301076,1909f56bfc062723c751e8b465ee728b)  -> (artifact id: '5cf564aeffbf2d073e468d1f2a341c34') in 0.008381 seconds 
========================================================================
Received Import Request.
  Time since last request: 0.000029 seconds.
  path: Assets/Prefabs/Environment/LeftRoom.prefab
  artifactKey: Guid(ce485e52d85d4415f8e519503efb9d75) Importer(815301076,1909f56bfc062723c751e8b465ee728b)
Start importing Assets/Prefabs/Environment/LeftRoom.prefab using Guid(ce485e52d85d4415f8e519503efb9d75) Importer(815301076,1909f56bfc062723c751e8b465ee728b)  -> (artifact id: 'fbb2f0a8ab4363dbc694e49de315ba81') in 0.008001 seconds 
========================================================================
Received Import Request.
  Time since last request: 0.000036 seconds.
  path: Assets/Prefabs/Environment/TopDoor.prefab
  artifactKey: Guid(a617051e1e6f1da4681348c764bcd76f) Importer(815301076,1909f56bfc062723c751e8b465ee728b)
Start importing Assets/Prefabs/Environment/TopDoor.prefab using Guid(a617051e1e6f1da4681348c764bcd76f) Importer(815301076,1909f56bfc062723c751e8b465ee728b)  -> (artifact id: '9f0f3c0ec7979d27e6bfce018f675655') in 0.006779 seconds 
========================================================================
Received Import Request.
  Time since last request: 12.262750 seconds.
  path: Assets/Prefabs/Environment/BottomRoom.prefab
  artifactKey: Guid(20be16876e957412b8bf0e47f4056bb9) Importer(815301076,1909f56bfc062723c751e8b465ee728b)
Start importing Assets/Prefabs/Environment/BottomRoom.prefab using Guid(20be16876e957412b8bf0e47f4056bb9) Importer(815301076,1909f56bfc062723c751e8b465ee728b)  -> (artifact id: '0842f902496be4a03b996d9b310f9836') in 0.008093 seconds 
========================================================================
Received Import Request.
  Time since last request: 0.000040 seconds.
  path: Assets/Prefabs/Environment/LeftDoor.prefab
  artifactKey: Guid(42d63c801c11db342b33a1cfb830ebf8) Importer(815301076,1909f56bfc062723c751e8b465ee728b)
Start importing Assets/Prefabs/Environment/LeftDoor.prefab using Guid(42d63c801c11db342b33a1cfb830ebf8) Importer(815301076,1909f56bfc062723c751e8b465ee728b)  -> (artifact id: 'f87611596f361ff4961413e5f45983ae') in 0.007537 seconds 
========================================================================
Received Import Request.
  Time since last request: 0.000029 seconds.
  path: Assets/Prefabs/Environment/TopRoom.prefab
  artifactKey: Guid(5ca27d11aac5b4be99ec652fca7c58a9) Importer(815301076,1909f56bfc062723c751e8b465ee728b)
Start importing Assets/Prefabs/Environment/TopRoom.prefab using Guid(5ca27d11aac5b4be99ec652fca7c58a9) Importer(815301076,1909f56bfc062723c751e8b465ee728b)  -> (artifact id: '3589b88d21cf4edded1db87e9be18e7a') in 0.007489 seconds 
========================================================================
Received Import Request.
  Time since last request: 0.000031 seconds.
  path: Assets/Prefabs/Environment/RightRoom.prefab
  artifactKey: Guid(69ea24907abab4afcb186ad1175e1d8f) Importer(815301076,1909f56bfc062723c751e8b465ee728b)
Start importing Assets/Prefabs/Environment/RightRoom.prefab using Guid(69ea24907abab4afcb186ad1175e1d8f) Importer(815301076,1909f56bfc062723c751e8b465ee728b)  -> (artifact id: '6cf495b8d75234fca482fce6a42bc8f7') in 0.009200 seconds 
========================================================================
Received Import Request.
  Time since last request: 2.783846 seconds.
  path: Assets/Prefabs/Environment/BottomRoom.prefab
  artifactKey: Guid(20be16876e957412b8bf0e47f4056bb9) Importer(815301076,1909f56bfc062723c751e8b465ee728b)
Start importing Assets/Prefabs/Environment/BottomRoom.prefab using Guid(20be16876e957412b8bf0e47f4056bb9) Importer(815301076,1909f56bfc062723c751e8b465ee728b)  -> (artifact id: 'ee94a5bcbffcb389f10a9d529bac4890') in 0.008401 seconds 
========================================================================
Received Import Request.
  Time since last request: 0.000031 seconds.
  path: Assets/Prefabs/Environment/RightDoor.prefab
  artifactKey: Guid(415a59e01e415804f92d45abf89d8286) Importer(815301076,1909f56bfc062723c751e8b465ee728b)
Start importing Assets/Prefabs/Environment/RightDoor.prefab using Guid(415a59e01e415804f92d45abf89d8286) Importer(815301076,1909f56bfc062723c751e8b465ee728b)  -> (artifact id: 'e4da3994f5e636dc13bb20f1d048bc7f') in 0.007393 seconds 
========================================================================
Received Import Request.
  Time since last request: 0.000033 seconds.
  path: Assets/Prefabs/Environment/Room.prefab
  artifactKey: Guid(cdc13d3bbb22448178ae9f59af0c6202) Importer(815301076,1909f56bfc062723c751e8b465ee728b)
Start importing Assets/Prefabs/Environment/Room.prefab using Guid(cdc13d3bbb22448178ae9f59af0c6202) Importer(815301076,1909f56bfc062723c751e8b465ee728b)  -> (artifact id: '09a1b739b8ed42b9b5c0db6b8dcbc093') in 0.008343 seconds 
========================================================================
Received Import Request.
  Time since last request: 0.000041 seconds.
  path: Assets/Prefabs/Environment/RightRoom.prefab
  artifactKey: Guid(69ea24907abab4afcb186ad1175e1d8f) Importer(815301076,1909f56bfc062723c751e8b465ee728b)
Start importing Assets/Prefabs/Environment/RightRoom.prefab using Guid(69ea24907abab4afcb186ad1175e1d8f) Importer(815301076,1909f56bfc062723c751e8b465ee728b)  -> (artifact id: '4acf68eaa19b41913bfde8d9487d3c28') in 0.007656 seconds 
========================================================================
Received Import Request.
  Time since last request: 0.000040 seconds.
  path: Assets/Prefabs/Environment/TopDoor.prefab
  artifactKey: Guid(a617051e1e6f1da4681348c764bcd76f) Importer(815301076,1909f56bfc062723c751e8b465ee728b)
Start importing Assets/Prefabs/Environment/TopDoor.prefab using Guid(a617051e1e6f1da4681348c764bcd76f) Importer(815301076,1909f56bfc062723c751e8b465ee728b)  -> (artifact id: '5570fa00c3636c4fca2cc5ac5be84da9') in 0.006640 seconds 
========================================================================
Received Import Request.
  Time since last request: 6.599374 seconds.
  path: Assets/Prefabs/Environment/BottomRoom.prefab
  artifactKey: Guid(20be16876e957412b8bf0e47f4056bb9) Importer(815301076,1909f56bfc062723c751e8b465ee728b)
Start importing Assets/Prefabs/Environment/BottomRoom.prefab using Guid(20be16876e957412b8bf0e47f4056bb9) Importer(815301076,1909f56bfc062723c751e8b465ee728b)  -> (artifact id: 'f969956b997b6d51e978da8e31105046') in 0.008172 seconds 
========================================================================
Received Import Request.
  Time since last request: 0.000026 seconds.
  path: Assets/Prefabs/Environment/RightDoor.prefab
  artifactKey: Guid(415a59e01e415804f92d45abf89d8286) Importer(815301076,1909f56bfc062723c751e8b465ee728b)
Start importing Assets/Prefabs/Environment/RightDoor.prefab using Guid(415a59e01e415804f92d45abf89d8286) Importer(815301076,1909f56bfc062723c751e8b465ee728b)  -> (artifact id: '71cfbbf3de525ad7f4d7fc05e8843308') in 0.007517 seconds 
========================================================================
Received Import Request.
  Time since last request: 0.000032 seconds.
  path: Assets/Prefabs/Environment/Room.prefab
  artifactKey: Guid(cdc13d3bbb22448178ae9f59af0c6202) Importer(815301076,1909f56bfc062723c751e8b465ee728b)
Start importing Assets/Prefabs/Environment/Room.prefab using Guid(cdc13d3bbb22448178ae9f59af0c6202) Importer(815301076,1909f56bfc062723c751e8b465ee728b)  -> (artifact id: '4b2f39ee460e43587ca38d82a93fe101') in 0.007090 seconds 
========================================================================
Received Import Request.
  Time since last request: 0.000040 seconds.
  path: Assets/Prefabs/Environment/RightRoom.prefab
  artifactKey: Guid(69ea24907abab4afcb186ad1175e1d8f) Importer(815301076,1909f56bfc062723c751e8b465ee728b)
Start importing Assets/Prefabs/Environment/RightRoom.prefab using Guid(69ea24907abab4afcb186ad1175e1d8f) Importer(815301076,1909f56bfc062723c751e8b465ee728b)  -> (artifact id: 'cca4da9e0b854e8f9e83555d19193553') in 0.007672 seconds 
========================================================================
Received Import Request.
  Time since last request: 2.982755 seconds.
  path: Assets/Prefabs/Environment/BottomRoom.prefab
  artifactKey: Guid(20be16876e957412b8bf0e47f4056bb9) Importer(815301076,1909f56bfc062723c751e8b465ee728b)
Start importing Assets/Prefabs/Environment/BottomRoom.prefab using Guid(20be16876e957412b8bf0e47f4056bb9) Importer(815301076,1909f56bfc062723c751e8b465ee728b)  -> (artifact id: '454712c95a378d2c11afab53f2715fa6') in 0.008129 seconds 
========================================================================
Received Import Request.
  Time since last request: 0.000027 seconds.
  path: Assets/Prefabs/Environment/RightDoor.prefab
  artifactKey: Guid(415a59e01e415804f92d45abf89d8286) Importer(815301076,1909f56bfc062723c751e8b465ee728b)
Start importing Assets/Prefabs/Environment/RightDoor.prefab using Guid(415a59e01e415804f92d45abf89d8286) Importer(815301076,1909f56bfc062723c751e8b465ee728b)  -> (artifact id: 'a907ea5307419d2bcf1797c2fce64e0c') in 0.007354 seconds 
========================================================================
Received Import Request.
  Time since last request: 0.000027 seconds.
  path: Assets/Prefabs/Environment/TopRoom.prefab
  artifactKey: Guid(5ca27d11aac5b4be99ec652fca7c58a9) Importer(815301076,1909f56bfc062723c751e8b465ee728b)
Start importing Assets/Prefabs/Environment/TopRoom.prefab using Guid(5ca27d11aac5b4be99ec652fca7c58a9) Importer(815301076,1909f56bfc062723c751e8b465ee728b)  -> (artifact id: '1c2d27c26ee0ef9df0ad1fc73dba6a32') in 0.008335 seconds 
========================================================================
Received Import Request.
  Time since last request: 0.000028 seconds.
  path: Assets/Prefabs/Environment/LeftRoom.prefab
  artifactKey: Guid(ce485e52d85d4415f8e519503efb9d75) Importer(815301076,1909f56bfc062723c751e8b465ee728b)
Start importing Assets/Prefabs/Environment/LeftRoom.prefab using Guid(ce485e52d85d4415f8e519503efb9d75) Importer(815301076,1909f56bfc062723c751e8b465ee728b)  -> (artifact id: 'ad239501edbbc95b5e6c06f416834fc5') in 0.008256 seconds 
========================================================================
Received Import Request.
  Time since last request: 0.000043 seconds.
  path: Assets/Prefabs/Environment/TopDoor.prefab
  artifactKey: Guid(a617051e1e6f1da4681348c764bcd76f) Importer(815301076,1909f56bfc062723c751e8b465ee728b)
Start importing Assets/Prefabs/Environment/TopDoor.prefab using Guid(a617051e1e6f1da4681348c764bcd76f) Importer(815301076,1909f56bfc062723c751e8b465ee728b)  -> (artifact id: 'd4ec5cc18b01e5ce2c9be77414af7543') in 0.007170 seconds 
========================================================================
Received Import Request.
  Time since last request: 35.763375 seconds.
  path: Assets/Prefabs/Environment/BottomRoom.prefab
  artifactKey: Guid(20be16876e957412b8bf0e47f4056bb9) Importer(815301076,1909f56bfc062723c751e8b465ee728b)
Start importing Assets/Prefabs/Environment/BottomRoom.prefab using Guid(20be16876e957412b8bf0e47f4056bb9) Importer(815301076,1909f56bfc062723c751e8b465ee728b)  -> (artifact id: 'daca31b78e2775ee6447fad4b3455246') in 0.008451 seconds 
========================================================================
Received Import Request.
  Time since last request: 0.000040 seconds.
  path: Assets/Prefabs/Environment/LeftDoor.prefab
  artifactKey: Guid(42d63c801c11db342b33a1cfb830ebf8) Importer(815301076,1909f56bfc062723c751e8b465ee728b)
Start importing Assets/Prefabs/Environment/LeftDoor.prefab using Guid(42d63c801c11db342b33a1cfb830ebf8) Importer(815301076,1909f56bfc062723c751e8b465ee728b)  -> (artifact id: '599207411d83f87d45d1c005a12ac150') in 0.007930 seconds 
========================================================================
Received Import Request.
  Time since last request: 0.000031 seconds.
  path: Assets/Prefabs/Environment/Room.prefab
  artifactKey: Guid(cdc13d3bbb22448178ae9f59af0c6202) Importer(815301076,1909f56bfc062723c751e8b465ee728b)
Start importing Assets/Prefabs/Environment/Room.prefab using Guid(cdc13d3bbb22448178ae9f59af0c6202) Importer(815301076,1909f56bfc062723c751e8b465ee728b)  -> (artifact id: '18dc4518416db1e6d44023bfc5519fe4') in 0.007369 seconds 
========================================================================
Received Import Request.
  Time since last request: 0.000041 seconds.
  path: Assets/Prefabs/Environment/RightRoom.prefab
  artifactKey: Guid(69ea24907abab4afcb186ad1175e1d8f) Importer(815301076,1909f56bfc062723c751e8b465ee728b)
Start importing Assets/Prefabs/Environment/RightRoom.prefab using Guid(69ea24907abab4afcb186ad1175e1d8f) Importer(815301076,1909f56bfc062723c751e8b465ee728b)  -> (artifact id: '0eb27d5d2f770e3a746c323b48b32dbb') in 0.008075 seconds 
========================================================================
Received Import Request.
  Time since last request: 0.000041 seconds.
  path: Assets/Prefabs/Environment/TopDoor.prefab
  artifactKey: Guid(a617051e1e6f1da4681348c764bcd76f) Importer(815301076,1909f56bfc062723c751e8b465ee728b)
Start importing Assets/Prefabs/Environment/TopDoor.prefab using Guid(a617051e1e6f1da4681348c764bcd76f) Importer(815301076,1909f56bfc062723c751e8b465ee728b)  -> (artifact id: 'c1271ded92ecfc51bdc9b75e9c1119ee') in 0.009080 seconds 
========================================================================
Received Import Request.
  Time since last request: 2.980673 seconds.
  path: Assets/Prefabs/Environment/BottomRoom.prefab
  artifactKey: Guid(20be16876e957412b8bf0e47f4056bb9) Importer(815301076,1909f56bfc062723c751e8b465ee728b)
Start importing Assets/Prefabs/Environment/BottomRoom.prefab using Guid(20be16876e957412b8bf0e47f4056bb9) Importer(815301076,1909f56bfc062723c751e8b465ee728b)  -> (artifact id: 'd534b43989934bdd19cb490ce1014884') in 0.009309 seconds 
========================================================================
Received Import Request.
  Time since last request: 0.000039 seconds.
  path: Assets/Prefabs/Environment/LeftDoor.prefab
  artifactKey: Guid(42d63c801c11db342b33a1cfb830ebf8) Importer(815301076,1909f56bfc062723c751e8b465ee728b)
Start importing Assets/Prefabs/Environment/LeftDoor.prefab using Guid(42d63c801c11db342b33a1cfb830ebf8) Importer(815301076,1909f56bfc062723c751e8b465ee728b)  -> (artifact id: '0b90b7ad27d854714145a372f1a260b5') in 0.007528 seconds 
========================================================================
Received Import Request.
  Time since last request: 0.000029 seconds.
  path: Assets/Prefabs/Environment/TopRoom.prefab
  artifactKey: Guid(5ca27d11aac5b4be99ec652fca7c58a9) Importer(815301076,1909f56bfc062723c751e8b465ee728b)
Start importing Assets/Prefabs/Environment/TopRoom.prefab using Guid(5ca27d11aac5b4be99ec652fca7c58a9) Importer(815301076,1909f56bfc062723c751e8b465ee728b)  -> (artifact id: 'beaeac32276b27fb8123d700d039a7bb') in 0.007402 seconds 
========================================================================
Received Import Request.
  Time since last request: 0.000039 seconds.
  path: Assets/Prefabs/Environment/LeftRoom.prefab
  artifactKey: Guid(ce485e52d85d4415f8e519503efb9d75) Importer(815301076,1909f56bfc062723c751e8b465ee728b)
Start importing Assets/Prefabs/Environment/LeftRoom.prefab using Guid(ce485e52d85d4415f8e519503efb9d75) Importer(815301076,1909f56bfc062723c751e8b465ee728b)  -> (artifact id: 'e85af96cc56036c7cdb20151a50103c5') in 0.008457 seconds 
========================================================================
Received Import Request.
  Time since last request: 14.709254 seconds.
  path: Assets/Prefabs/Environment/BottomRoom.prefab
  artifactKey: Guid(20be16876e957412b8bf0e47f4056bb9) Importer(815301076,1909f56bfc062723c751e8b465ee728b)
Start importing Assets/Prefabs/Environment/BottomRoom.prefab using Guid(20be16876e957412b8bf0e47f4056bb9) Importer(815301076,1909f56bfc062723c751e8b465ee728b)  -> (artifact id: '98a2df1f405d804877321365eda9f615') in 0.008351 seconds 
========================================================================
Received Import Request.
  Time since last request: 0.000039 seconds.
  path: Assets/Prefabs/Environment/LeftDoor.prefab
  artifactKey: Guid(42d63c801c11db342b33a1cfb830ebf8) Importer(815301076,1909f56bfc062723c751e8b465ee728b)
Start importing Assets/Prefabs/Environment/LeftDoor.prefab using Guid(42d63c801c11db342b33a1cfb830ebf8) Importer(815301076,1909f56bfc062723c751e8b465ee728b)  -> (artifact id: '16dade2fea12534368bb60aa5bc530b6') in 0.007449 seconds 
========================================================================
Received Import Request.
  Time since last request: 0.000034 seconds.
  path: Assets/Prefabs/Environment/Room.prefab
  artifactKey: Guid(cdc13d3bbb22448178ae9f59af0c6202) Importer(815301076,1909f56bfc062723c751e8b465ee728b)
Start importing Assets/Prefabs/Environment/Room.prefab using Guid(cdc13d3bbb22448178ae9f59af0c6202) Importer(815301076,1909f56bfc062723c751e8b465ee728b)  -> (artifact id: '04fb6bdf47923553eb71123c155cef9b') in 0.008430 seconds 
========================================================================
Received Import Request.
  Time since last request: 0.000037 seconds.
  path: Assets/Prefabs/Environment/RightRoom.prefab
  artifactKey: Guid(69ea24907abab4afcb186ad1175e1d8f) Importer(815301076,1909f56bfc062723c751e8b465ee728b)
Start importing Assets/Prefabs/Environment/RightRoom.prefab using Guid(69ea24907abab4afcb186ad1175e1d8f) Importer(815301076,1909f56bfc062723c751e8b465ee728b)  -> (artifact id: '3d3f4bb849f591500fc1784a6b8ba3d9') in 0.007554 seconds 
========================================================================
Received Import Request.
  Time since last request: 0.000038 seconds.
  path: Assets/Prefabs/Environment/TopDoor.prefab
  artifactKey: Guid(a617051e1e6f1da4681348c764bcd76f) Importer(815301076,1909f56bfc062723c751e8b465ee728b)
Start importing Assets/Prefabs/Environment/TopDoor.prefab using Guid(a617051e1e6f1da4681348c764bcd76f) Importer(815301076,1909f56bfc062723c751e8b465ee728b)  -> (artifact id: 'f6790729cf210ad56e617b4645111e30') in 0.007142 seconds 
========================================================================
Received Import Request.
  Time since last request: 5.593843 seconds.
  path: Assets/Prefabs/Environment/BottomRoom.prefab
  artifactKey: Guid(20be16876e957412b8bf0e47f4056bb9) Importer(815301076,1909f56bfc062723c751e8b465ee728b)
Start importing Assets/Prefabs/Environment/BottomRoom.prefab using Guid(20be16876e957412b8bf0e47f4056bb9) Importer(815301076,1909f56bfc062723c751e8b465ee728b)  -> (artifact id: '4f16692ab094eff6f2acbe2ceec300ff') in 0.008040 seconds 
========================================================================
Received Import Request.
  Time since last request: 0.000029 seconds.
  path: Assets/Prefabs/Environment/RightDoor.prefab
  artifactKey: Guid(415a59e01e415804f92d45abf89d8286) Importer(815301076,1909f56bfc062723c751e8b465ee728b)
Start importing Assets/Prefabs/Environment/RightDoor.prefab using Guid(415a59e01e415804f92d45abf89d8286) Importer(815301076,1909f56bfc062723c751e8b465ee728b)  -> (artifact id: '5c420ba30b66a2a00375728c1ebf1fe8') in 0.007459 seconds 
========================================================================
Received Import Request.
  Time since last request: 0.000027 seconds.
  path: Assets/Prefabs/Environment/TopRoom.prefab
  artifactKey: Guid(5ca27d11aac5b4be99ec652fca7c58a9) Importer(815301076,1909f56bfc062723c751e8b465ee728b)
Start importing Assets/Prefabs/Environment/TopRoom.prefab using Guid(5ca27d11aac5b4be99ec652fca7c58a9) Importer(815301076,1909f56bfc062723c751e8b465ee728b)  -> (artifact id: 'e18fc0600b018f9337121ab1745d5f3b') in 0.007653 seconds 
========================================================================
Received Import Request.
  Time since last request: 0.000034 seconds.
  path: Assets/Prefabs/Environment/LeftRoom.prefab
  artifactKey: Guid(ce485e52d85d4415f8e519503efb9d75) Importer(815301076,1909f56bfc062723c751e8b465ee728b)
Start importing Assets/Prefabs/Environment/LeftRoom.prefab using Guid(ce485e52d85d4415f8e519503efb9d75) Importer(815301076,1909f56bfc062723c751e8b465ee728b)  -> (artifact id: '1c513ef862b7c5896555dcffc339c22e') in 0.007644 seconds 
========================================================================
Received Import Request.
  Time since last request: 0.000041 seconds.
  path: Assets/Prefabs/Environment/TopDoor.prefab
  artifactKey: Guid(a617051e1e6f1da4681348c764bcd76f) Importer(815301076,1909f56bfc062723c751e8b465ee728b)
Start importing Assets/Prefabs/Environment/TopDoor.prefab using Guid(a617051e1e6f1da4681348c764bcd76f) Importer(815301076,1909f56bfc062723c751e8b465ee728b)  -> (artifact id: '139e8da814f6b18be12cd5b39a605082') in 0.006947 seconds 
========================================================================
Received Import Request.
  Time since last request: 4.793323 seconds.
  path: Assets/Prefabs/Environment/BottomRoom.prefab
  artifactKey: Guid(20be16876e957412b8bf0e47f4056bb9) Importer(815301076,1909f56bfc062723c751e8b465ee728b)
Start importing Assets/Prefabs/Environment/BottomRoom.prefab using Guid(20be16876e957412b8bf0e47f4056bb9) Importer(815301076,1909f56bfc062723c751e8b465ee728b)  -> (artifact id: '96c16b1ce58cad95a36245d1d0c32b11') in 0.008343 seconds 
========================================================================
Received Import Request.
  Time since last request: 0.000040 seconds.
  path: Assets/Prefabs/Environment/LeftDoor.prefab
  artifactKey: Guid(42d63c801c11db342b33a1cfb830ebf8) Importer(815301076,1909f56bfc062723c751e8b465ee728b)
Start importing Assets/Prefabs/Environment/LeftDoor.prefab using Guid(42d63c801c11db342b33a1cfb830ebf8) Importer(815301076,1909f56bfc062723c751e8b465ee728b)  -> (artifact id: 'e90cbaa5a71a46c37621551ffaa9cb52') in 0.008122 seconds 
========================================================================
Received Import Request.
  Time since last request: 0.000027 seconds.
  path: Assets/Prefabs/Environment/TopRoom.prefab
  artifactKey: Guid(5ca27d11aac5b4be99ec652fca7c58a9) Importer(815301076,1909f56bfc062723c751e8b465ee728b)
Start importing Assets/Prefabs/Environment/TopRoom.prefab using Guid(5ca27d11aac5b4be99ec652fca7c58a9) Importer(815301076,1909f56bfc062723c751e8b465ee728b)  -> (artifact id: 'f9d50e0180f6f9e834144608db5bd60b') in 0.007939 seconds 
========================================================================
Received Import Request.
  Time since last request: 0.000029 seconds.
  path: Assets/Prefabs/Environment/LeftRoom.prefab
  artifactKey: Guid(ce485e52d85d4415f8e519503efb9d75) Importer(815301076,1909f56bfc062723c751e8b465ee728b)
Start importing Assets/Prefabs/Environment/LeftRoom.prefab using Guid(ce485e52d85d4415f8e519503efb9d75) Importer(815301076,1909f56bfc062723c751e8b465ee728b)  -> (artifact id: '7af085e0d40ac861b514b23f347a085d') in 0.007477 seconds 
========================================================================
Received Import Request.
  Time since last request: 142.786923 seconds.
  path: Assets/Prefabs/Environment/BottomRoom.prefab
  artifactKey: Guid(20be16876e957412b8bf0e47f4056bb9) Importer(815301076,1909f56bfc062723c751e8b465ee728b)
Start importing Assets/Prefabs/Environment/BottomRoom.prefab using Guid(20be16876e957412b8bf0e47f4056bb9) Importer(815301076,1909f56bfc062723c751e8b465ee728b)  -> (artifact id: '803d5573afb501e9e083c4faef9fa756') in 0.014170 seconds 
========================================================================
Received Import Request.
  Time since last request: 0.000041 seconds.
  path: Assets/Prefabs/Environment/LeftDoor.prefab
  artifactKey: Guid(42d63c801c11db342b33a1cfb830ebf8) Importer(815301076,1909f56bfc062723c751e8b465ee728b)
Start importing Assets/Prefabs/Environment/LeftDoor.prefab using Guid(42d63c801c11db342b33a1cfb830ebf8) Importer(815301076,1909f56bfc062723c751e8b465ee728b)  -> (artifact id: '272fad63136bc35c9df520aaf1692553') in 0.007900 seconds 
========================================================================
Received Import Request.
  Time since last request: 0.000044 seconds.
  path: Assets/Prefabs/Environment/TopRoom.prefab
  artifactKey: Guid(5ca27d11aac5b4be99ec652fca7c58a9) Importer(815301076,1909f56bfc062723c751e8b465ee728b)
Start importing Assets/Prefabs/Environment/TopRoom.prefab using Guid(5ca27d11aac5b4be99ec652fca7c58a9) Importer(815301076,1909f56bfc062723c751e8b465ee728b)  -> (artifact id: '853ee66e3563d0e217210564c9cedb4e') in 0.009103 seconds 
========================================================================
Received Import Request.
  Time since last request: 0.000026 seconds.
  path: Assets/Prefabs/Environment/LeftRoom.prefab
  artifactKey: Guid(ce485e52d85d4415f8e519503efb9d75) Importer(815301076,1909f56bfc062723c751e8b465ee728b)
Start importing Assets/Prefabs/Environment/LeftRoom.prefab using Guid(ce485e52d85d4415f8e519503efb9d75) Importer(815301076,1909f56bfc062723c751e8b465ee728b)  -> (artifact id: 'f4db894a52dbceb00c93afebf85cb30e') in 0.007328 seconds 
========================================================================
Received Import Request.
  Time since last request: 0.000029 seconds.
  path: Assets/Prefabs/Environment/TopDoor.prefab
  artifactKey: Guid(a617051e1e6f1da4681348c764bcd76f) Importer(815301076,1909f56bfc062723c751e8b465ee728b)
Start importing Assets/Prefabs/Environment/TopDoor.prefab using Guid(a617051e1e6f1da4681348c764bcd76f) Importer(815301076,1909f56bfc062723c751e8b465ee728b)  -> (artifact id: '59710525f642657d22d7cf7d5359dfff') in 0.007019 seconds 
========================================================================
Received Import Request.
  Time since last request: 8.939482 seconds.
  path: Assets/Prefabs/Environment/BottomRoom.prefab
  artifactKey: Guid(20be16876e957412b8bf0e47f4056bb9) Importer(815301076,1909f56bfc062723c751e8b465ee728b)
Start importing Assets/Prefabs/Environment/BottomRoom.prefab using Guid(20be16876e957412b8bf0e47f4056bb9) Importer(815301076,1909f56bfc062723c751e8b465ee728b)  -> (artifact id: '0c0093b4c0b23c9fc90780f57b9ab4b6') in 0.009846 seconds 
========================================================================
Received Import Request.
  Time since last request: 0.000036 seconds.
  path: Assets/Prefabs/Environment/LeftDoor.prefab
  artifactKey: Guid(42d63c801c11db342b33a1cfb830ebf8) Importer(815301076,1909f56bfc062723c751e8b465ee728b)
Start importing Assets/Prefabs/Environment/LeftDoor.prefab using Guid(42d63c801c11db342b33a1cfb830ebf8) Importer(815301076,1909f56bfc062723c751e8b465ee728b)  -> (artifact id: '5dd4a9a6eb25aa4e0dbc818eb1bbb2d4') in 0.008649 seconds 
========================================================================
Received Import Request.
  Time since last request: 0.000029 seconds.
  path: Assets/Prefabs/Environment/TopRoom.prefab
  artifactKey: Guid(5ca27d11aac5b4be99ec652fca7c58a9) Importer(815301076,1909f56bfc062723c751e8b465ee728b)
Start importing Assets/Prefabs/Environment/TopRoom.prefab using Guid(5ca27d11aac5b4be99ec652fca7c58a9) Importer(815301076,1909f56bfc062723c751e8b465ee728b)  -> (artifact id: '9015d9f8551d2e7ec95f2490a1866c34') in 0.007518 seconds 
========================================================================
Received Import Request.
  Time since last request: 0.000028 seconds.
  path: Assets/Prefabs/Environment/RightRoom.prefab
  artifactKey: Guid(69ea24907abab4afcb186ad1175e1d8f) Importer(815301076,1909f56bfc062723c751e8b465ee728b)
Start importing Assets/Prefabs/Environment/RightRoom.prefab using Guid(69ea24907abab4afcb186ad1175e1d8f) Importer(815301076,1909f56bfc062723c751e8b465ee728b)  -> (artifact id: 'ab5cd15792329d61a3b55d6471442371') in 0.007846 seconds 
========================================================================
Received Import Request.
  Time since last request: 0.000038 seconds.
  path: Assets/Prefabs/Environment/TopDoor.prefab
  artifactKey: Guid(a617051e1e6f1da4681348c764bcd76f) Importer(815301076,1909f56bfc062723c751e8b465ee728b)
Start importing Assets/Prefabs/Environment/TopDoor.prefab using Guid(a617051e1e6f1da4681348c764bcd76f) Importer(815301076,1909f56bfc062723c751e8b465ee728b)  -> (artifact id: 'dfcfd6aa6b9f0af4b9ddc928ecb8ae96') in 0.006966 seconds 
========================================================================
Received Import Request.
  Time since last request: 9.208454 seconds.
  path: Assets/Prefabs/Environment/BottomRoom.prefab
  artifactKey: Guid(20be16876e957412b8bf0e47f4056bb9) Importer(815301076,1909f56bfc062723c751e8b465ee728b)
Start importing Assets/Prefabs/Environment/BottomRoom.prefab using Guid(20be16876e957412b8bf0e47f4056bb9) Importer(815301076,1909f56bfc062723c751e8b465ee728b)  -> (artifact id: 'd1be39b353e9f9a22576b58ee83b717e') in 0.008210 seconds 
========================================================================
Received Import Request.
  Time since last request: 0.000035 seconds.
  path: Assets/Prefabs/Environment/LeftDoor.prefab
  artifactKey: Guid(42d63c801c11db342b33a1cfb830ebf8) Importer(815301076,1909f56bfc062723c751e8b465ee728b)
Start importing Assets/Prefabs/Environment/LeftDoor.prefab using Guid(42d63c801c11db342b33a1cfb830ebf8) Importer(815301076,1909f56bfc062723c751e8b465ee728b)  -> (artifact id: '32835e58f84a8663cb3869549138d5fa') in 0.007677 seconds 
========================================================================
Received Import Request.
  Time since last request: 0.000030 seconds.
  path: Assets/Prefabs/Environment/TopRoom.prefab
  artifactKey: Guid(5ca27d11aac5b4be99ec652fca7c58a9) Importer(815301076,1909f56bfc062723c751e8b465ee728b)
Start importing Assets/Prefabs/Environment/TopRoom.prefab using Guid(5ca27d11aac5b4be99ec652fca7c58a9) Importer(815301076,1909f56bfc062723c751e8b465ee728b)  -> (artifact id: '9d0707d704b1d1e656498b555e137377') in 0.007708 seconds 
========================================================================
Received Import Request.
  Time since last request: 0.000046 seconds.
  path: Assets/Prefabs/Environment/LeftRoom.prefab
  artifactKey: Guid(ce485e52d85d4415f8e519503efb9d75) Importer(815301076,1909f56bfc062723c751e8b465ee728b)
Start importing Assets/Prefabs/Environment/LeftRoom.prefab using Guid(ce485e52d85d4415f8e519503efb9d75) Importer(815301076,1909f56bfc062723c751e8b465ee728b)  -> (artifact id: 'db400a193a9c6ab7708c614d1e553046') in 0.008233 seconds 
========================================================================
Received Import Request.
  Time since last request: 16.885069 seconds.
  path: Assets/Prefabs/Environment/BottomRoom.prefab
  artifactKey: Guid(20be16876e957412b8bf0e47f4056bb9) Importer(815301076,1909f56bfc062723c751e8b465ee728b)
Start importing Assets/Prefabs/Environment/BottomRoom.prefab using Guid(20be16876e957412b8bf0e47f4056bb9) Importer(815301076,1909f56bfc062723c751e8b465ee728b)  -> (artifact id: '570257e97f2e040c763066d1960a5800') in 0.008137 seconds 
========================================================================
Received Import Request.
  Time since last request: 0.000038 seconds.
  path: Assets/Prefabs/Environment/LeftDoor.prefab
  artifactKey: Guid(42d63c801c11db342b33a1cfb830ebf8) Importer(815301076,1909f56bfc062723c751e8b465ee728b)
Start importing Assets/Prefabs/Environment/LeftDoor.prefab using Guid(42d63c801c11db342b33a1cfb830ebf8) Importer(815301076,1909f56bfc062723c751e8b465ee728b)  -> (artifact id: 'c2152ecf5927d5d2d0c552f10ba3c7a4') in 0.007416 seconds 
========================================================================
Received Import Request.
  Time since last request: 0.000038 seconds.
  path: Assets/Prefabs/Environment/Room.prefab
  artifactKey: Guid(cdc13d3bbb22448178ae9f59af0c6202) Importer(815301076,1909f56bfc062723c751e8b465ee728b)
Start importing Assets/Prefabs/Environment/Room.prefab using Guid(cdc13d3bbb22448178ae9f59af0c6202) Importer(815301076,1909f56bfc062723c751e8b465ee728b)  -> (artifact id: 'e4156eb9b8009fecda9f067f951a0313') in 0.007904 seconds 
========================================================================
Received Import Request.
  Time since last request: 0.000030 seconds.
  path: Assets/Prefabs/Environment/RightRoom.prefab
  artifactKey: Guid(69ea24907abab4afcb186ad1175e1d8f) Importer(815301076,1909f56bfc062723c751e8b465ee728b)
Start importing Assets/Prefabs/Environment/RightRoom.prefab using Guid(69ea24907abab4afcb186ad1175e1d8f) Importer(815301076,1909f56bfc062723c751e8b465ee728b)  -> (artifact id: 'a152138b0c9b2334b4c9a2a74d59004d') in 0.008402 seconds 
========================================================================
Received Import Request.
  Time since last request: 0.000040 seconds.
  path: Assets/Prefabs/Environment/TopDoor.prefab
  artifactKey: Guid(a617051e1e6f1da4681348c764bcd76f) Importer(815301076,1909f56bfc062723c751e8b465ee728b)
Start importing Assets/Prefabs/Environment/TopDoor.prefab using Guid(a617051e1e6f1da4681348c764bcd76f) Importer(815301076,1909f56bfc062723c751e8b465ee728b)  -> (artifact id: '3de6f3a67d942a43c4a6c756125ff6c8') in 0.006803 seconds 
========================================================================
Received Import Request.
  Time since last request: 4.206519 seconds.
  path: Assets/Prefabs/Environment/BottomRoom.prefab
  artifactKey: Guid(20be16876e957412b8bf0e47f4056bb9) Importer(815301076,1909f56bfc062723c751e8b465ee728b)
Start importing Assets/Prefabs/Environment/BottomRoom.prefab using Guid(20be16876e957412b8bf0e47f4056bb9) Importer(815301076,1909f56bfc062723c751e8b465ee728b)  -> (artifact id: '7255950df3d4a672a31017dfe3f0882f') in 0.008356 seconds 
========================================================================
Received Import Request.
  Time since last request: 0.000027 seconds.
  path: Assets/Prefabs/Environment/RightDoor.prefab
  artifactKey: Guid(415a59e01e415804f92d45abf89d8286) Importer(815301076,1909f56bfc062723c751e8b465ee728b)
Start importing Assets/Prefabs/Environment/RightDoor.prefab using Guid(415a59e01e415804f92d45abf89d8286) Importer(815301076,1909f56bfc062723c751e8b465ee728b)  -> (artifact id: '9722320719fcca8af019306b9a191672') in 0.007924 seconds 
========================================================================
Received Import Request.
  Time since last request: 0.000021 seconds.
  path: Assets/Prefabs/Environment/TopRoom.prefab
  artifactKey: Guid(5ca27d11aac5b4be99ec652fca7c58a9) Importer(815301076,1909f56bfc062723c751e8b465ee728b)
Start importing Assets/Prefabs/Environment/TopRoom.prefab using Guid(5ca27d11aac5b4be99ec652fca7c58a9) Importer(815301076,1909f56bfc062723c751e8b465ee728b)  -> (artifact id: 'c36b17e6adacde44e5d8f71395540dc9') in 0.007107 seconds 
========================================================================
Received Import Request.
  Time since last request: 0.000030 seconds.
  path: Assets/Prefabs/Environment/RoomSpawnPoint.prefab
  artifactKey: Guid(bded8c106707d40d9bdeff088dd3b510) Importer(815301076,1909f56bfc062723c751e8b465ee728b)
Start importing Assets/Prefabs/Environment/RoomSpawnPoint.prefab using Guid(bded8c106707d40d9bdeff088dd3b510) Importer(815301076,1909f56bfc062723c751e8b465ee728b)  -> (artifact id: '228a73d6bdc7e47a23185fe88cf4ac31') in 0.001180 seconds 
========================================================================
Received Import Request.
  Time since last request: 0.000032 seconds.
  path: Assets/Prefabs/Environment/LeftRoom.prefab
  artifactKey: Guid(ce485e52d85d4415f8e519503efb9d75) Importer(815301076,1909f56bfc062723c751e8b465ee728b)
Start importing Assets/Prefabs/Environment/LeftRoom.prefab using Guid(ce485e52d85d4415f8e519503efb9d75) Importer(815301076,1909f56bfc062723c751e8b465ee728b)  -> (artifact id: 'b6b37bc4aea6d8cf9f319a3c8df78c0d') in 0.007245 seconds 
========================================================================
Received Import Request.
  Time since last request: 2.561505 seconds.
  path: Assets/Prefabs/Environment/BottomRoom.prefab
  artifactKey: Guid(20be16876e957412b8bf0e47f4056bb9) Importer(815301076,1909f56bfc062723c751e8b465ee728b)
Start importing Assets/Prefabs/Environment/BottomRoom.prefab using Guid(20be16876e957412b8bf0e47f4056bb9) Importer(815301076,1909f56bfc062723c751e8b465ee728b)  -> (artifact id: '6150d77291d4e1ec74a4f734c037b3b3') in 0.008401 seconds 
========================================================================
Received Import Request.
  Time since last request: 0.000027 seconds.
  path: Assets/Prefabs/Environment/RightDoor.prefab
  artifactKey: Guid(415a59e01e415804f92d45abf89d8286) Importer(815301076,1909f56bfc062723c751e8b465ee728b)
Start importing Assets/Prefabs/Environment/RightDoor.prefab using Guid(415a59e01e415804f92d45abf89d8286) Importer(815301076,1909f56bfc062723c751e8b465ee728b)  -> (artifact id: '60f052c2bd2bcb8ddf3cd417e60ce21c') in 0.007273 seconds 
========================================================================
Received Import Request.
  Time since last request: 0.000038 seconds.
  path: Assets/Prefabs/Environment/Room.prefab
  artifactKey: Guid(cdc13d3bbb22448178ae9f59af0c6202) Importer(815301076,1909f56bfc062723c751e8b465ee728b)
Start importing Assets/Prefabs/Environment/Room.prefab using Guid(cdc13d3bbb22448178ae9f59af0c6202) Importer(815301076,1909f56bfc062723c751e8b465ee728b)  -> (artifact id: 'b6a7245c1f6493666182df8505a32972') in 0.007490 seconds 
========================================================================
Received Import Request.
  Time since last request: 0.000038 seconds.
  path: Assets/Prefabs/Environment/RightRoom.prefab
  artifactKey: Guid(69ea24907abab4afcb186ad1175e1d8f) Importer(815301076,1909f56bfc062723c751e8b465ee728b)
Start importing Assets/Prefabs/Environment/RightRoom.prefab using Guid(69ea24907abab4afcb186ad1175e1d8f) Importer(815301076,1909f56bfc062723c751e8b465ee728b)  -> (artifact id: 'ccb1d5ae5807b3bfad77f2409d99df4d') in 0.007445 seconds 
========================================================================
Received Import Request.
  Time since last request: 0.000040 seconds.
  path: Assets/Prefabs/Environment/TopDoor.prefab
  artifactKey: Guid(a617051e1e6f1da4681348c764bcd76f) Importer(815301076,1909f56bfc062723c751e8b465ee728b)
Start importing Assets/Prefabs/Environment/TopDoor.prefab using Guid(a617051e1e6f1da4681348c764bcd76f) Importer(815301076,1909f56bfc062723c751e8b465ee728b)  -> (artifact id: 'bf041ad7a0acd864111dbf27a4da7f34') in 0.008265 seconds 
========================================================================
Received Prepare
Registering precompiled user dll's ...
Registered in 0.002458 seconds.
Begin MonoManager ReloadAssembly
Thread 0x292197000 may have been prematurely finalized
Symbol file LoadedFromMemory doesn't match image /Users/fabian/Projects/TreasureHunt-Main/TreasureHunt/TreasureHunt/Library/PackageCache/com.unity.visualscripting@1.7.8/Editor/VisualScripting.Core/Dependencies/YamlDotNet/Unity.VisualScripting.YamlDotNet.dll
Symbol file LoadedFromMemory doesn't match image /Users/fabian/Projects/TreasureHunt-Main/TreasureHunt/TreasureHunt/Library/PackageCache/com.unity.visualscripting@1.7.8/Editor/VisualScripting.Core/Dependencies/DotNetZip/Unity.VisualScripting.IonicZip.dll
Native extension for OSXStandalone target not found
Native extension for WebGL target not found
Refreshing native plugins compatible for Editor in 0.51 ms, found 3 plugins.
Preloading 0 native plugins for Editor in 0.00 ms.
Mono: successfully reloaded assembly
- Completed reload, in  0.607 seconds
Domain Reload Profiling:
	ReloadAssembly (608ms)
		BeginReloadAssembly (99ms)
			ExecutionOrderSort (0ms)
			DisableScriptedObjects (4ms)
			BackupInstance (0ms)
			ReleaseScriptingObjects (0ms)
			CreateAndSetChildDomain (50ms)
		EndReloadAssembly (453ms)
			LoadAssemblies (35ms)
			RebuildTransferFunctionScriptingTraits (0ms)
			SetupTypeCache (149ms)
			ReleaseScriptCaches (1ms)
			RebuildScriptCaches (29ms)
			SetupLoadedEditorAssemblies (216ms)
				LogAssemblyErrors (0ms)
				InitializePlatformSupportModulesInManaged (5ms)
				SetLoadedEditorAssemblies (0ms)
				RefreshPlugins (1ms)
				BeforeProcessingInitializeOnLoad (39ms)
				ProcessInitializeOnLoadAttributes (154ms)
				ProcessInitializeOnLoadMethodAttributes (17ms)
				AfterProcessingInitializeOnLoad (1ms)
				EditorAssembliesLoaded (0ms)
			ExecutionOrderSort2 (0ms)
			AwakeInstancesAfterBackupRestoration (3ms)
Platform modules already initialized, skipping
Refreshing native plugins compatible for Editor in 1.46 ms, found 3 plugins.
Preloading 0 native plugins for Editor in 0.00 ms.
Unloading 4237 Unused Serialized files (Serialized files now loaded: 0)
Unloading 32 unused Assets / (220.3 KB). Loaded Objects now: 4730.
Memory consumption went from 159.7 MB to 159.5 MB.
Total: 2.588375 ms (FindLiveObjects: 0.139833 ms CreateObjectMapping: 0.061000 ms MarkObjects: 2.292083 ms  DeleteObjects: 0.095083 ms)

AssetImportParameters requested are different than current active one (requested -> active):
  custom:video-decoder-ogg-theora: a1e56fd34408186e4bbccfd4996cb3dc -> 
  custom:container-muxer-webm: aa71ff27fc2769a1b78a27578f13a17b -> 
  custom:container-demuxer-webm: 4f35f7cbe854078d1ac9338744f61a02 -> 
  custom:video-encoder-webm-vp8: eb34c28f22e8b96e1ab97ce403110664 -> 
  custom:framework-osx-AVFoundation: e770b220cccbd017edd2c1fefb359320 -> 
  custom:audio-encoder-webm-vorbis: bf7c407c2cedff20999df2af8eb42d56 -> 
  custom:container-demuxer-ogg: 62fdf1f143b41e24485cea50d1cbac27 -> 
  custom:video-decoder-webm-vp8: 9c59270c3fd7afecdb556c50c9e8de78 -> 
  custom:audio-decoder-ogg-vorbis: bf7c407c2cedff20999df2af8eb42d56 -> 
========================================================================
Received Import Request.
  Time since last request: 349.740606 seconds.
  path: Assets/Prefabs/Environment/LeftDoor.prefab
  artifactKey: Guid(42d63c801c11db342b33a1cfb830ebf8) Importer(815301076,1909f56bfc062723c751e8b465ee728b)
Start importing Assets/Prefabs/Environment/LeftDoor.prefab using Guid(42d63c801c11db342b33a1cfb830ebf8) Importer(815301076,1909f56bfc062723c751e8b465ee728b)  -> (artifact id: '109f95aa570dd539cb910e4cd7d64eb5') in 0.039947 seconds 
========================================================================
Received Import Request.
  Time since last request: 0.000060 seconds.
  path: Assets/Prefabs/Environment/RightDoor.prefab
  artifactKey: Guid(415a59e01e415804f92d45abf89d8286) Importer(815301076,1909f56bfc062723c751e8b465ee728b)
Start importing Assets/Prefabs/Environment/RightDoor.prefab using Guid(415a59e01e415804f92d45abf89d8286) Importer(815301076,1909f56bfc062723c751e8b465ee728b)  -> (artifact id: '2bd99d2c129c37e0ade8bf8f5c257c87') in 0.011904 seconds 
========================================================================
Received Import Request.
  Time since last request: 0.000037 seconds.
  path: Assets/Prefabs/Environment/BottomRoom.prefab
  artifactKey: Guid(20be16876e957412b8bf0e47f4056bb9) Importer(815301076,1909f56bfc062723c751e8b465ee728b)
Start importing Assets/Prefabs/Environment/BottomRoom.prefab using Guid(20be16876e957412b8bf0e47f4056bb9) Importer(815301076,1909f56bfc062723c751e8b465ee728b)  -> (artifact id: '48ce3d5f62b99cf3d8b7ec82ee3699b2') in 0.008840 seconds 
========================================================================
Received Import Request.
  Time since last request: 0.000034 seconds.
  path: Assets/Prefabs/Environment/RightRoom.prefab
  artifactKey: Guid(69ea24907abab4afcb186ad1175e1d8f) Importer(815301076,1909f56bfc062723c751e8b465ee728b)
Start importing Assets/Prefabs/Environment/RightRoom.prefab using Guid(69ea24907abab4afcb186ad1175e1d8f) Importer(815301076,1909f56bfc062723c751e8b465ee728b)  -> (artifact id: '5d1e8a70c5b187101d5d966ea7785f11') in 0.009341 seconds 
========================================================================
Received Prepare
Registering precompiled user dll's ...
Registered in 0.002111 seconds.
Begin MonoManager ReloadAssembly
Thread 0x16fbe3000 may have been prematurely finalized
Symbol file LoadedFromMemory doesn't match image /Users/fabian/Projects/TreasureHunt-Main/TreasureHunt/TreasureHunt/Library/PackageCache/com.unity.visualscripting@1.7.8/Editor/VisualScripting.Core/Dependencies/YamlDotNet/Unity.VisualScripting.YamlDotNet.dll
Symbol file LoadedFromMemory doesn't match image /Users/fabian/Projects/TreasureHunt-Main/TreasureHunt/TreasureHunt/Library/PackageCache/com.unity.visualscripting@1.7.8/Editor/VisualScripting.Core/Dependencies/DotNetZip/Unity.VisualScripting.IonicZip.dll
Native extension for OSXStandalone target not found
Native extension for WebGL target not found
Refreshing native plugins compatible for Editor in 0.68 ms, found 3 plugins.
Preloading 0 native plugins for Editor in 0.00 ms.
Mono: successfully reloaded assembly
- Completed reload, in  0.621 seconds
Domain Reload Profiling:
	ReloadAssembly (621ms)
		BeginReloadAssembly (80ms)
			ExecutionOrderSort (0ms)
			DisableScriptedObjects (3ms)
			BackupInstance (0ms)
			ReleaseScriptingObjects (0ms)
			CreateAndSetChildDomain (35ms)
		EndReloadAssembly (485ms)
			LoadAssemblies (36ms)
			RebuildTransferFunctionScriptingTraits (0ms)
			SetupTypeCache (155ms)
			ReleaseScriptCaches (1ms)
			RebuildScriptCaches (32ms)
			SetupLoadedEditorAssemblies (236ms)
				LogAssemblyErrors (0ms)
				InitializePlatformSupportModulesInManaged (5ms)
				SetLoadedEditorAssemblies (0ms)
				RefreshPlugins (1ms)
				BeforeProcessingInitializeOnLoad (41ms)
				ProcessInitializeOnLoadAttributes (168ms)
				ProcessInitializeOnLoadMethodAttributes (20ms)
				AfterProcessingInitializeOnLoad (1ms)
				EditorAssembliesLoaded (0ms)
			ExecutionOrderSort2 (0ms)
			AwakeInstancesAfterBackupRestoration (4ms)
Platform modules already initialized, skipping
Refreshing native plugins compatible for Editor in 1.19 ms, found 3 plugins.
Preloading 0 native plugins for Editor in 0.00 ms.
Unloading 4237 Unused Serialized files (Serialized files now loaded: 0)
Unloading 32 unused Assets / (218.0 KB). Loaded Objects now: 4745.
Memory consumption went from 159.7 MB to 159.5 MB.
Total: 2.870292 ms (FindLiveObjects: 0.153916 ms CreateObjectMapping: 0.073958 ms MarkObjects: 2.536875 ms  DeleteObjects: 0.105250 ms)

AssetImportParameters requested are different than current active one (requested -> active):
  custom:video-decoder-ogg-theora: a1e56fd34408186e4bbccfd4996cb3dc -> 
  custom:container-muxer-webm: aa71ff27fc2769a1b78a27578f13a17b -> 
  custom:container-demuxer-webm: 4f35f7cbe854078d1ac9338744f61a02 -> 
  custom:video-encoder-webm-vp8: eb34c28f22e8b96e1ab97ce403110664 -> 
  custom:framework-osx-AVFoundation: e770b220cccbd017edd2c1fefb359320 -> 
  custom:audio-encoder-webm-vorbis: bf7c407c2cedff20999df2af8eb42d56 -> 
  custom:container-demuxer-ogg: 62fdf1f143b41e24485cea50d1cbac27 -> 
  custom:video-decoder-webm-vp8: 9c59270c3fd7afecdb556c50c9e8de78 -> 
  custom:audio-decoder-ogg-vorbis: bf7c407c2cedff20999df2af8eb42d56 -> 
========================================================================
Received Prepare
Registering precompiled user dll's ...
Registered in 0.002076 seconds.
Begin MonoManager ReloadAssembly
Thread 0x16fbe3000 may have been prematurely finalized
Symbol file LoadedFromMemory doesn't match image /Users/fabian/Projects/TreasureHunt-Main/TreasureHunt/TreasureHunt/Library/PackageCache/com.unity.visualscripting@1.7.8/Editor/VisualScripting.Core/Dependencies/YamlDotNet/Unity.VisualScripting.YamlDotNet.dll
Symbol file LoadedFromMemory doesn't match image /Users/fabian/Projects/TreasureHunt-Main/TreasureHunt/TreasureHunt/Library/PackageCache/com.unity.visualscripting@1.7.8/Editor/VisualScripting.Core/Dependencies/DotNetZip/Unity.VisualScripting.IonicZip.dll
Native extension for OSXStandalone target not found
Native extension for WebGL target not found
Refreshing native plugins compatible for Editor in 0.48 ms, found 3 plugins.
Preloading 0 native plugins for Editor in 0.00 ms.
Mono: successfully reloaded assembly
- Completed reload, in  0.586 seconds
Domain Reload Profiling:
	ReloadAssembly (587ms)
		BeginReloadAssembly (89ms)
			ExecutionOrderSort (0ms)
			DisableScriptedObjects (4ms)
			BackupInstance (0ms)
			ReleaseScriptingObjects (0ms)
			CreateAndSetChildDomain (43ms)
		EndReloadAssembly (446ms)
			LoadAssemblies (33ms)
			RebuildTransferFunctionScriptingTraits (0ms)
			SetupTypeCache (140ms)
			ReleaseScriptCaches (1ms)
			RebuildScriptCaches (29ms)
			SetupLoadedEditorAssemblies (218ms)
				LogAssemblyErrors (0ms)
				InitializePlatformSupportModulesInManaged (5ms)
				SetLoadedEditorAssemblies (0ms)
				RefreshPlugins (1ms)
				BeforeProcessingInitializeOnLoad (38ms)
				ProcessInitializeOnLoadAttributes (153ms)
				ProcessInitializeOnLoadMethodAttributes (20ms)
				AfterProcessingInitializeOnLoad (1ms)
				EditorAssembliesLoaded (0ms)
			ExecutionOrderSort2 (0ms)
			AwakeInstancesAfterBackupRestoration (3ms)
Platform modules already initialized, skipping
Refreshing native plugins compatible for Editor in 0.91 ms, found 3 plugins.
Preloading 0 native plugins for Editor in 0.00 ms.
Unloading 4237 Unused Serialized files (Serialized files now loaded: 0)
Unloading 32 unused Assets / (220.4 KB). Loaded Objects now: 4760.
Memory consumption went from 159.8 MB to 159.5 MB.
Total: 2.530875 ms (FindLiveObjects: 0.139667 ms CreateObjectMapping: 0.065416 ms MarkObjects: 2.230375 ms  DeleteObjects: 0.094916 ms)

AssetImportParameters requested are different than current active one (requested -> active):
  custom:video-decoder-ogg-theora: a1e56fd34408186e4bbccfd4996cb3dc -> 
  custom:container-muxer-webm: aa71ff27fc2769a1b78a27578f13a17b -> 
  custom:container-demuxer-webm: 4f35f7cbe854078d1ac9338744f61a02 -> 
  custom:video-encoder-webm-vp8: eb34c28f22e8b96e1ab97ce403110664 -> 
  custom:framework-osx-AVFoundation: e770b220cccbd017edd2c1fefb359320 -> 
  custom:audio-encoder-webm-vorbis: bf7c407c2cedff20999df2af8eb42d56 -> 
  custom:container-demuxer-ogg: 62fdf1f143b41e24485cea50d1cbac27 -> 
  custom:video-decoder-webm-vp8: 9c59270c3fd7afecdb556c50c9e8de78 -> 
  custom:audio-decoder-ogg-vorbis: bf7c407c2cedff20999df2af8eb42d56 -> 
========================================================================
Received Prepare
Registering precompiled user dll's ...
Registered in 0.002489 seconds.
Begin MonoManager ReloadAssembly
Thread 0x16fbe3000 may have been prematurely finalized
Symbol file LoadedFromMemory doesn't match image /Users/fabian/Projects/TreasureHunt-Main/TreasureHunt/TreasureHunt/Library/PackageCache/com.unity.visualscripting@1.7.8/Editor/VisualScripting.Core/Dependencies/YamlDotNet/Unity.VisualScripting.YamlDotNet.dll
Symbol file LoadedFromMemory doesn't match image /Users/fabian/Projects/TreasureHunt-Main/TreasureHunt/TreasureHunt/Library/PackageCache/com.unity.visualscripting@1.7.8/Editor/VisualScripting.Core/Dependencies/DotNetZip/Unity.VisualScripting.IonicZip.dll
Native extension for OSXStandalone target not found
Native extension for WebGL target not found
Refreshing native plugins compatible for Editor in 0.49 ms, found 3 plugins.
Preloading 0 native plugins for Editor in 0.00 ms.
Mono: successfully reloaded assembly
- Completed reload, in  0.563 seconds
Domain Reload Profiling:
	ReloadAssembly (563ms)
		BeginReloadAssembly (71ms)
			ExecutionOrderSort (0ms)
			DisableScriptedObjects (3ms)
			BackupInstance (0ms)
			ReleaseScriptingObjects (0ms)
			CreateAndSetChildDomain (28ms)
		EndReloadAssembly (440ms)
			LoadAssemblies (32ms)
			RebuildTransferFunctionScriptingTraits (0ms)
			SetupTypeCache (140ms)
			ReleaseScriptCaches (1ms)
			RebuildScriptCaches (28ms)
			SetupLoadedEditorAssemblies (215ms)
				LogAssemblyErrors (0ms)
				InitializePlatformSupportModulesInManaged (5ms)
				SetLoadedEditorAssemblies (0ms)
				RefreshPlugins (1ms)
				BeforeProcessingInitializeOnLoad (38ms)
				ProcessInitializeOnLoadAttributes (152ms)
				ProcessInitializeOnLoadMethodAttributes (18ms)
				AfterProcessingInitializeOnLoad (1ms)
				EditorAssembliesLoaded (0ms)
			ExecutionOrderSort2 (0ms)
			AwakeInstancesAfterBackupRestoration (3ms)
Platform modules already initialized, skipping
Refreshing native plugins compatible for Editor in 0.89 ms, found 3 plugins.
Preloading 0 native plugins for Editor in 0.00 ms.
Unloading 4237 Unused Serialized files (Serialized files now loaded: 0)
Unloading 32 unused Assets / (220.3 KB). Loaded Objects now: 4775.
Memory consumption went from 159.8 MB to 159.6 MB.
Total: 2.411250 ms (FindLiveObjects: 0.145708 ms CreateObjectMapping: 0.065625 ms MarkObjects: 2.114583 ms  DeleteObjects: 0.084917 ms)

AssetImportParameters requested are different than current active one (requested -> active):
  custom:video-decoder-ogg-theora: a1e56fd34408186e4bbccfd4996cb3dc -> 
  custom:container-muxer-webm: aa71ff27fc2769a1b78a27578f13a17b -> 
  custom:container-demuxer-webm: 4f35f7cbe854078d1ac9338744f61a02 -> 
  custom:video-encoder-webm-vp8: eb34c28f22e8b96e1ab97ce403110664 -> 
  custom:framework-osx-AVFoundation: e770b220cccbd017edd2c1fefb359320 -> 
  custom:audio-encoder-webm-vorbis: bf7c407c2cedff20999df2af8eb42d56 -> 
  custom:container-demuxer-ogg: 62fdf1f143b41e24485cea50d1cbac27 -> 
  custom:video-decoder-webm-vp8: 9c59270c3fd7afecdb556c50c9e8de78 -> 
  custom:audio-decoder-ogg-vorbis: bf7c407c2cedff20999df2af8eb42d56 -> 
========================================================================
Received Prepare
Registering precompiled user dll's ...
Registered in 0.002414 seconds.
Begin MonoManager ReloadAssembly
Thread 0x16fbe3000 may have been prematurely finalized
Symbol file LoadedFromMemory doesn't match image /Users/fabian/Projects/TreasureHunt-Main/TreasureHunt/TreasureHunt/Library/PackageCache/com.unity.visualscripting@1.7.8/Editor/VisualScripting.Core/Dependencies/YamlDotNet/Unity.VisualScripting.YamlDotNet.dll
Symbol file LoadedFromMemory doesn't match image /Users/fabian/Projects/TreasureHunt-Main/TreasureHunt/TreasureHunt/Library/PackageCache/com.unity.visualscripting@1.7.8/Editor/VisualScripting.Core/Dependencies/DotNetZip/Unity.VisualScripting.IonicZip.dll
Native extension for OSXStandalone target not found
Native extension for WebGL target not found
Refreshing native plugins compatible for Editor in 0.50 ms, found 3 plugins.
Preloading 0 native plugins for Editor in 0.00 ms.
Mono: successfully reloaded assembly
- Completed reload, in  0.593 seconds
Domain Reload Profiling:
	ReloadAssembly (594ms)
		BeginReloadAssembly (90ms)
			ExecutionOrderSort (0ms)
			DisableScriptedObjects (4ms)
			BackupInstance (0ms)
			ReleaseScriptingObjects (0ms)
			CreateAndSetChildDomain (43ms)
		EndReloadAssembly (451ms)
			LoadAssemblies (36ms)
			RebuildTransferFunctionScriptingTraits (0ms)
			SetupTypeCache (148ms)
			ReleaseScriptCaches (1ms)
			RebuildScriptCaches (29ms)
			SetupLoadedEditorAssemblies (216ms)
				LogAssemblyErrors (0ms)
				InitializePlatformSupportModulesInManaged (5ms)
				SetLoadedEditorAssemblies (0ms)
				RefreshPlugins (1ms)
				BeforeProcessingInitializeOnLoad (38ms)
				ProcessInitializeOnLoadAttributes (153ms)
				ProcessInitializeOnLoadMethodAttributes (19ms)
				AfterProcessingInitializeOnLoad (1ms)
				EditorAssembliesLoaded (0ms)
			ExecutionOrderSort2 (0ms)
			AwakeInstancesAfterBackupRestoration (3ms)
Platform modules already initialized, skipping
Refreshing native plugins compatible for Editor in 1.50 ms, found 3 plugins.
Preloading 0 native plugins for Editor in 0.00 ms.
Unloading 4237 Unused Serialized files (Serialized files now loaded: 0)
Unloading 32 unused Assets / (217.9 KB). Loaded Objects now: 4790.
Memory consumption went from 159.8 MB to 159.6 MB.
Total: 2.669291 ms (FindLiveObjects: 0.149542 ms CreateObjectMapping: 0.065625 ms MarkObjects: 2.349583 ms  DeleteObjects: 0.104084 ms)

AssetImportParameters requested are different than current active one (requested -> active):
  custom:video-decoder-ogg-theora: a1e56fd34408186e4bbccfd4996cb3dc -> 
  custom:container-muxer-webm: aa71ff27fc2769a1b78a27578f13a17b -> 
  custom:container-demuxer-webm: 4f35f7cbe854078d1ac9338744f61a02 -> 
  custom:video-encoder-webm-vp8: eb34c28f22e8b96e1ab97ce403110664 -> 
  custom:framework-osx-AVFoundation: e770b220cccbd017edd2c1fefb359320 -> 
  custom:audio-encoder-webm-vorbis: bf7c407c2cedff20999df2af8eb42d56 -> 
  custom:container-demuxer-ogg: 62fdf1f143b41e24485cea50d1cbac27 -> 
  custom:video-decoder-webm-vp8: 9c59270c3fd7afecdb556c50c9e8de78 -> 
  custom:audio-decoder-ogg-vorbis: bf7c407c2cedff20999df2af8eb42d56 -> 
