Unity Editor version:    2021.3.16f1 (4016570cf34f)
Branch:                  2021.3/staging
Build type:              Release
Batch mode:              YES
macOS version:           Version 13.0.1 (Build 22A400)
Darwin version:          22.1.0
Architecture:            arm64
Running under Rosetta:   NO
Available memory:        8192 MB
Using pre-set license
Pro License: YES

COMMAND LINE ARGUMENTS:
/Applications/Unity/Hub/Editor/2021.3.16f1/Unity.app/Contents/MacOS/Unity
-adb2
-batchMode
-noUpm
-name
AssetImportWorker0
-projectPath
/Users/fabian/Projects/TreasureHunt-Main/TreasureHunt/TreasureHunt
-logFile
Logs/AssetImportWorker0.log
-srvPort
49360
Successfully changed project path to: /Users/fabian/Projects/TreasureHunt-Main/TreasureHunt/TreasureHunt
/Users/fabian/Projects/TreasureHunt-Main/TreasureHunt/TreasureHunt
[UnityMemory] Configuration Parameters - Can be set up in boot.config
    "memorysetup-bucket-allocator-granularity=16"
    "memorysetup-bucket-allocator-bucket-count=8"
    "memorysetup-bucket-allocator-block-size=33554432"
    "memorysetup-bucket-allocator-block-count=8"
    "memorysetup-main-allocator-block-size=16777216"
    "memorysetup-thread-allocator-block-size=16777216"
    "memorysetup-gfx-main-allocator-block-size=16777216"
    "memorysetup-gfx-thread-allocator-block-size=16777216"
    "memorysetup-cache-allocator-block-size=4194304"
    "memorysetup-typetree-allocator-block-size=2097152"
    "memorysetup-profiler-bucket-allocator-granularity=16"
    "memorysetup-profiler-bucket-allocator-bucket-count=8"
    "memorysetup-profiler-bucket-allocator-block-size=33554432"
    "memorysetup-profiler-bucket-allocator-block-count=8"
    "memorysetup-profiler-allocator-block-size=16777216"
    "memorysetup-profiler-editor-allocator-block-size=1048576"
    "memorysetup-temp-allocator-size-main=16777216"
    "memorysetup-job-temp-allocator-block-size=2097152"
    "memorysetup-job-temp-allocator-block-size-background=1048576"
    "memorysetup-job-temp-allocator-reduction-small-platforms=262144"
    "memorysetup-temp-allocator-size-background-worker=32768"
    "memorysetup-temp-allocator-size-job-worker=262144"
    "memorysetup-temp-allocator-size-preload-manager=33554432"
    "memorysetup-temp-allocator-size-nav-mesh-worker=65536"
    "memorysetup-temp-allocator-size-audio-worker=65536"
    "memorysetup-temp-allocator-size-cloud-worker=32768"
    "memorysetup-temp-allocator-size-gi-baking-worker=262144"
    "memorysetup-temp-allocator-size-gfx=262144"
Player connection [8766285056] Host "[IP] 192.168.100.88 [Port] 0 [Flags] 2 [Guid] 1560547965 [EditorId] 1560547965 [Version] 1048832 [Id] OSXEditor(0,Fabians-MacBook-Air.local) [Debug] 1 [PackageName] OSXEditor [ProjectName] Editor" joined multi-casting on [225.0.0.222:54997]...

Player connection [8766285056] Host "[IP] 192.168.100.88 [Port] 0 [Flags] 2 [Guid] 1560547965 [EditorId] 1560547965 [Version] 1048832 [Id] OSXEditor(0,Fabians-MacBook-Air.local) [Debug] 1 [PackageName] OSXEditor [ProjectName] Editor" joined alternative multi-casting on [225.0.0.222:34997]...

Refreshing native plugins compatible for Editor in 64.75 ms, found 3 plugins.
Preloading 0 native plugins for Editor in 0.00 ms.
Initialize engine version: 2021.3.16f1 (4016570cf34f)
[Subsystems] Discovering subsystems at path /Applications/Unity/Hub/Editor/2021.3.16f1/Unity.app/Contents/Resources/UnitySubsystems
[Subsystems] Discovering subsystems at path /Users/fabian/Projects/TreasureHunt-Main/TreasureHunt/TreasureHunt/Assets
GfxDevice: creating device client; threaded=0; jobified=0
 preferred device: Apple M2 (high power)
Metal devices available: 1
0: Apple M2 (high power)
Using device Apple M2 (high power)
Initializing Metal device caps: Apple M2
Initialize mono
Mono path[0] = '/Applications/Unity/Hub/Editor/2021.3.16f1/Unity.app/Contents/Managed'
Mono path[1] = '/Applications/Unity/Hub/Editor/2021.3.16f1/Unity.app/Contents/MonoBleedingEdge/lib/mono/unityjit-macos'
Mono config path = '/Applications/Unity/Hub/Editor/2021.3.16f1/Unity.app/Contents/MonoBleedingEdge/etc'
Using monoOptions --debugger-agent=transport=dt_socket,embedding=1,server=y,suspend=n,address=127.0.0.1:56975
Begin MonoManager ReloadAssembly
Registering precompiled unity dll's ...
Register platform support module: /Applications/Unity/Hub/Editor/2021.3.16f1/PlaybackEngines/WebGLSupport/UnityEditor.WebGL.Extensions.dll
Register platform support module: /Applications/Unity/Hub/Editor/2021.3.16f1/Unity.app/Contents/PlaybackEngines/MacStandaloneSupport/UnityEditor.OSXStandalone.Extensions.dll
Registered in 0.002204 seconds.
Native extension for OSXStandalone target not found
Native extension for WebGL target not found
Refreshing native plugins compatible for Editor in 67.51 ms, found 3 plugins.
Preloading 0 native plugins for Editor in 0.00 ms.
Mono: successfully reloaded assembly
- Completed reload, in  0.422 seconds
Domain Reload Profiling:
	ReloadAssembly (422ms)
		BeginReloadAssembly (65ms)
			ExecutionOrderSort (0ms)
			DisableScriptedObjects (0ms)
			BackupInstance (0ms)
			ReleaseScriptingObjects (0ms)
			CreateAndSetChildDomain (0ms)
		EndReloadAssembly (297ms)
			LoadAssemblies (65ms)
			RebuildTransferFunctionScriptingTraits (0ms)
			SetupTypeCache (60ms)
			ReleaseScriptCaches (0ms)
			RebuildScriptCaches (18ms)
			SetupLoadedEditorAssemblies (193ms)
				LogAssemblyErrors (0ms)
				InitializePlatformSupportModulesInManaged (3ms)
				SetLoadedEditorAssemblies (0ms)
				RefreshPlugins (68ms)
				BeforeProcessingInitializeOnLoad (1ms)
				ProcessInitializeOnLoadAttributes (99ms)
				ProcessInitializeOnLoadMethodAttributes (22ms)
				AfterProcessingInitializeOnLoad (0ms)
				EditorAssembliesLoaded (0ms)
			ExecutionOrderSort2 (0ms)
			AwakeInstancesAfterBackupRestoration (0ms)
Platform modules already initialized, skipping
Registering precompiled user dll's ...
Registered in 0.002508 seconds.
Begin MonoManager ReloadAssembly
Symbol file LoadedFromMemory doesn't match image /Users/fabian/Projects/TreasureHunt-Main/TreasureHunt/TreasureHunt/Library/PackageCache/com.unity.visualscripting@1.7.8/Editor/VisualScripting.Core/Dependencies/YamlDotNet/Unity.VisualScripting.YamlDotNet.dll
Symbol file LoadedFromMemory doesn't match image /Users/fabian/Projects/TreasureHunt-Main/TreasureHunt/TreasureHunt/Library/PackageCache/com.unity.visualscripting@1.7.8/Editor/VisualScripting.Core/Dependencies/DotNetZip/Unity.VisualScripting.IonicZip.dll
Native extension for OSXStandalone target not found
Native extension for WebGL target not found
Refreshing native plugins compatible for Editor in 65.13 ms, found 3 plugins.
Preloading 0 native plugins for Editor in 0.00 ms.
Mono: successfully reloaded assembly
- Completed reload, in  0.692 seconds
Domain Reload Profiling:
	ReloadAssembly (692ms)
		BeginReloadAssembly (52ms)
			ExecutionOrderSort (0ms)
			DisableScriptedObjects (3ms)
			BackupInstance (0ms)
			ReleaseScriptingObjects (0ms)
			CreateAndSetChildDomain (14ms)
		EndReloadAssembly (579ms)
			LoadAssemblies (61ms)
			RebuildTransferFunctionScriptingTraits (0ms)
			SetupTypeCache (143ms)
			ReleaseScriptCaches (0ms)
			RebuildScriptCaches (37ms)
			SetupLoadedEditorAssemblies (310ms)
				LogAssemblyErrors (0ms)
				InitializePlatformSupportModulesInManaged (2ms)
				SetLoadedEditorAssemblies (0ms)
				RefreshPlugins (65ms)
				BeforeProcessingInitializeOnLoad (54ms)
				ProcessInitializeOnLoadAttributes (167ms)
				ProcessInitializeOnLoadMethodAttributes (21ms)
				AfterProcessingInitializeOnLoad (1ms)
				EditorAssembliesLoaded (0ms)
			ExecutionOrderSort2 (0ms)
			AwakeInstancesAfterBackupRestoration (2ms)
Platform modules already initialized, skipping
========================================================================
Worker process is ready to serve import requests
Launching external process: /Applications/Unity/Hub/Editor/2021.3.16f1/Unity.app/Contents/Tools/UnityShaderCompiler
Launched and connected shader compiler UnityShaderCompiler after 0.05 seconds
Refreshing native plugins compatible for Editor in 0.44 ms, found 3 plugins.
Preloading 0 native plugins for Editor in 0.00 ms.
Unloading 4255 Unused Serialized files (Serialized files now loaded: 0)
Unloading 57 unused Assets / (240.5 KB). Loaded Objects now: 4706.
Memory consumption went from 154.6 MB to 154.4 MB.
Total: 2.471917 ms (FindLiveObjects: 0.112167 ms CreateObjectMapping: 0.060833 ms MarkObjects: 2.187417 ms  DeleteObjects: 0.111167 ms)

AssetImportParameters requested are different than current active one (requested -> active):
  custom:video-decoder-ogg-theora: a1e56fd34408186e4bbccfd4996cb3dc -> 
  custom:container-muxer-webm: aa71ff27fc2769a1b78a27578f13a17b -> 
  custom:container-demuxer-webm: 4f35f7cbe854078d1ac9338744f61a02 -> 
  custom:video-encoder-webm-vp8: eb34c28f22e8b96e1ab97ce403110664 -> 
  custom:framework-osx-AVFoundation: e770b220cccbd017edd2c1fefb359320 -> 
  custom:audio-encoder-webm-vorbis: bf7c407c2cedff20999df2af8eb42d56 -> 
  custom:container-demuxer-ogg: 62fdf1f143b41e24485cea50d1cbac27 -> 
  custom:video-decoder-webm-vp8: 9c59270c3fd7afecdb556c50c9e8de78 -> 
  custom:audio-decoder-ogg-vorbis: bf7c407c2cedff20999df2af8eb42d56 -> 
========================================================================
Received Import Request.
  Time since last request: 215.514256 seconds.
  path: Assets/Prefabs/Environment/LeftDoor.prefab
  artifactKey: Guid(42d63c801c11db342b33a1cfb830ebf8) Importer(815301076,1909f56bfc062723c751e8b465ee728b)
Start importing Assets/Prefabs/Environment/LeftDoor.prefab using Guid(42d63c801c11db342b33a1cfb830ebf8) Importer(815301076,1909f56bfc062723c751e8b465ee728b)  -> (artifact id: '129e97c50e00a4787dcd48b3da573081') in 0.124260 seconds 
========================================================================
Received Import Request.
  Time since last request: 0.000044 seconds.
  path: Assets/Prefabs/Environment/BottomDoor.prefab
  artifactKey: Guid(e5980d196deebd54aaee49f415ff5e6d) Importer(815301076,1909f56bfc062723c751e8b465ee728b)
Start importing Assets/Prefabs/Environment/BottomDoor.prefab using Guid(e5980d196deebd54aaee49f415ff5e6d) Importer(815301076,1909f56bfc062723c751e8b465ee728b)  -> (artifact id: '5e126c8807f0ea3fe64ace0a89d02eb9') in 0.008284 seconds 
========================================================================
Received Import Request.
  Time since last request: 0.000035 seconds.
  path: Assets/Prefabs/Environment/RightDoor.prefab
  artifactKey: Guid(415a59e01e415804f92d45abf89d8286) Importer(815301076,1909f56bfc062723c751e8b465ee728b)
Start importing Assets/Prefabs/Environment/RightDoor.prefab using Guid(415a59e01e415804f92d45abf89d8286) Importer(815301076,1909f56bfc062723c751e8b465ee728b)  -> (artifact id: '9da5fcd9b6afff2e913b2d6e9e57bcbf') in 0.007802 seconds 
========================================================================
Received Import Request.
  Time since last request: 0.000030 seconds.
  path: Assets/Prefabs/Environment/Room.prefab
  artifactKey: Guid(cdc13d3bbb22448178ae9f59af0c6202) Importer(815301076,1909f56bfc062723c751e8b465ee728b)
Start importing Assets/Prefabs/Environment/Room.prefab using Guid(cdc13d3bbb22448178ae9f59af0c6202) Importer(815301076,1909f56bfc062723c751e8b465ee728b)  -> (artifact id: '53c5f49012869e91be8fc2569eb7f75d') in 0.007544 seconds 
========================================================================
Received Import Request.
  Time since last request: 0.000051 seconds.
  path: Assets/Prefabs/Environment/TopRoom.prefab
  artifactKey: Guid(5ca27d11aac5b4be99ec652fca7c58a9) Importer(815301076,1909f56bfc062723c751e8b465ee728b)
Start importing Assets/Prefabs/Environment/TopRoom.prefab using Guid(5ca27d11aac5b4be99ec652fca7c58a9) Importer(815301076,1909f56bfc062723c751e8b465ee728b)  -> (artifact id: '96ad8703ca0433c7f78198138a08c4e8') in 0.007351 seconds 
========================================================================
Received Import Request.
  Time since last request: 0.000041 seconds.
  path: Assets/Prefabs/Environment/BottomRoom.prefab
  artifactKey: Guid(20be16876e957412b8bf0e47f4056bb9) Importer(815301076,1909f56bfc062723c751e8b465ee728b)
Start importing Assets/Prefabs/Environment/BottomRoom.prefab using Guid(20be16876e957412b8bf0e47f4056bb9) Importer(815301076,1909f56bfc062723c751e8b465ee728b)  -> (artifact id: '1e393f7cf578ffc85554a092d26fca52') in 0.007452 seconds 
========================================================================
Received Import Request.
  Time since last request: 0.000042 seconds.
  path: Assets/Prefabs/Environment/RightRoom.prefab
  artifactKey: Guid(69ea24907abab4afcb186ad1175e1d8f) Importer(815301076,1909f56bfc062723c751e8b465ee728b)
Start importing Assets/Prefabs/Environment/RightRoom.prefab using Guid(69ea24907abab4afcb186ad1175e1d8f) Importer(815301076,1909f56bfc062723c751e8b465ee728b)  -> (artifact id: '5c542eb5d7d8a2a2c412f84ff5c6b806') in 0.007647 seconds 
========================================================================
Received Import Request.
  Time since last request: 0.000069 seconds.
  path: Assets/Prefabs/Environment/LeftRoom.prefab
  artifactKey: Guid(ce485e52d85d4415f8e519503efb9d75) Importer(815301076,1909f56bfc062723c751e8b465ee728b)
Start importing Assets/Prefabs/Environment/LeftRoom.prefab using Guid(ce485e52d85d4415f8e519503efb9d75) Importer(815301076,1909f56bfc062723c751e8b465ee728b)  -> (artifact id: '9b8ec9165f81492e19aa1b06434b6a25') in 0.006748 seconds 
========================================================================
Received Import Request.
  Time since last request: 0.000038 seconds.
  path: Assets/Prefabs/Environment/TopDoor.prefab
  artifactKey: Guid(a617051e1e6f1da4681348c764bcd76f) Importer(815301076,1909f56bfc062723c751e8b465ee728b)
Start importing Assets/Prefabs/Environment/TopDoor.prefab using Guid(a617051e1e6f1da4681348c764bcd76f) Importer(815301076,1909f56bfc062723c751e8b465ee728b)  -> (artifact id: 'd52ce9be094b85b3a86f94b29ec1c08f') in 0.007614 seconds 
========================================================================
Received Import Request.
  Time since last request: 1.843873 seconds.
  path: Assets/Prefabs/Environment/BottomDoor.prefab
  artifactKey: Guid(e5980d196deebd54aaee49f415ff5e6d) Importer(815301076,1909f56bfc062723c751e8b465ee728b)
Start importing Assets/Prefabs/Environment/BottomDoor.prefab using Guid(e5980d196deebd54aaee49f415ff5e6d) Importer(815301076,1909f56bfc062723c751e8b465ee728b)  -> (artifact id: 'b95f5c97ec818fa2dfd3ea57187dc6ae') in 0.009453 seconds 
========================================================================
Received Import Request.
  Time since last request: 0.000042 seconds.
  path: Assets/Prefabs/Environment/LeftDoor.prefab
  artifactKey: Guid(42d63c801c11db342b33a1cfb830ebf8) Importer(815301076,1909f56bfc062723c751e8b465ee728b)
Start importing Assets/Prefabs/Environment/LeftDoor.prefab using Guid(42d63c801c11db342b33a1cfb830ebf8) Importer(815301076,1909f56bfc062723c751e8b465ee728b)  -> (artifact id: '878cfa082487f4f01dd24bd35fd98043') in 0.008144 seconds 
========================================================================
Received Import Request.
  Time since last request: 0.000045 seconds.
  path: Assets/Prefabs/Environment/RightDoor.prefab
  artifactKey: Guid(415a59e01e415804f92d45abf89d8286) Importer(815301076,1909f56bfc062723c751e8b465ee728b)
Start importing Assets/Prefabs/Environment/RightDoor.prefab using Guid(415a59e01e415804f92d45abf89d8286) Importer(815301076,1909f56bfc062723c751e8b465ee728b)  -> (artifact id: '310b58b3bf34a317a280be044f8672e7') in 0.007166 seconds 
========================================================================
Received Import Request.
  Time since last request: 0.000032 seconds.
  path: Assets/Prefabs/Environment/Room.prefab
  artifactKey: Guid(cdc13d3bbb22448178ae9f59af0c6202) Importer(815301076,1909f56bfc062723c751e8b465ee728b)
Start importing Assets/Prefabs/Environment/Room.prefab using Guid(cdc13d3bbb22448178ae9f59af0c6202) Importer(815301076,1909f56bfc062723c751e8b465ee728b)  -> (artifact id: 'c1097f3d75503eec0eaf94e58ab5eb05') in 0.007174 seconds 
========================================================================
Received Import Request.
  Time since last request: 0.000027 seconds.
  path: Assets/Prefabs/Environment/TopRoom.prefab
  artifactKey: Guid(5ca27d11aac5b4be99ec652fca7c58a9) Importer(815301076,1909f56bfc062723c751e8b465ee728b)
Start importing Assets/Prefabs/Environment/TopRoom.prefab using Guid(5ca27d11aac5b4be99ec652fca7c58a9) Importer(815301076,1909f56bfc062723c751e8b465ee728b)  -> (artifact id: '9d3fea6bc64a8162ad64d96adeba2fa1') in 0.007282 seconds 
========================================================================
Received Import Request.
  Time since last request: 0.000036 seconds.
  path: Assets/Prefabs/Environment/RightRoom.prefab
  artifactKey: Guid(69ea24907abab4afcb186ad1175e1d8f) Importer(815301076,1909f56bfc062723c751e8b465ee728b)
Start importing Assets/Prefabs/Environment/RightRoom.prefab using Guid(69ea24907abab4afcb186ad1175e1d8f) Importer(815301076,1909f56bfc062723c751e8b465ee728b)  -> (artifact id: '2caf6cafda4a4638d6b0b6cfd0d66f4d') in 0.008713 seconds 
========================================================================
Received Import Request.
  Time since last request: 0.000073 seconds.
  path: Assets/Prefabs/Environment/LeftRoom.prefab
  artifactKey: Guid(ce485e52d85d4415f8e519503efb9d75) Importer(815301076,1909f56bfc062723c751e8b465ee728b)
Start importing Assets/Prefabs/Environment/LeftRoom.prefab using Guid(ce485e52d85d4415f8e519503efb9d75) Importer(815301076,1909f56bfc062723c751e8b465ee728b)  -> (artifact id: 'c2d3be60a543e6a3e727b67fc121654b') in 0.007381 seconds 
========================================================================
Received Import Request.
  Time since last request: 0.000041 seconds.
  path: Assets/Prefabs/Environment/TopDoor.prefab
  artifactKey: Guid(a617051e1e6f1da4681348c764bcd76f) Importer(815301076,1909f56bfc062723c751e8b465ee728b)
Start importing Assets/Prefabs/Environment/TopDoor.prefab using Guid(a617051e1e6f1da4681348c764bcd76f) Importer(815301076,1909f56bfc062723c751e8b465ee728b)  -> (artifact id: '7f6a1606bb8efdeb5acfe8c22b53b5ae') in 0.007402 seconds 
========================================================================
Received Import Request.
  Time since last request: 1.320025 seconds.
  path: Assets/Prefabs/Environment/BottomDoor.prefab
  artifactKey: Guid(e5980d196deebd54aaee49f415ff5e6d) Importer(815301076,1909f56bfc062723c751e8b465ee728b)
Start importing Assets/Prefabs/Environment/BottomDoor.prefab using Guid(e5980d196deebd54aaee49f415ff5e6d) Importer(815301076,1909f56bfc062723c751e8b465ee728b)  -> (artifact id: '91531392e59996a7927989bdb61e5742') in 0.008400 seconds 
========================================================================
Received Import Request.
  Time since last request: 0.000031 seconds.
  path: Assets/Prefabs/Environment/LeftDoor.prefab
  artifactKey: Guid(42d63c801c11db342b33a1cfb830ebf8) Importer(815301076,1909f56bfc062723c751e8b465ee728b)
Start importing Assets/Prefabs/Environment/LeftDoor.prefab using Guid(42d63c801c11db342b33a1cfb830ebf8) Importer(815301076,1909f56bfc062723c751e8b465ee728b)  -> (artifact id: '674622b39c6318409c64811e14982bb4') in 0.007347 seconds 
========================================================================
Received Import Request.
  Time since last request: 0.000036 seconds.
  path: Assets/Prefabs/Environment/Room.prefab
  artifactKey: Guid(cdc13d3bbb22448178ae9f59af0c6202) Importer(815301076,1909f56bfc062723c751e8b465ee728b)
Start importing Assets/Prefabs/Environment/Room.prefab using Guid(cdc13d3bbb22448178ae9f59af0c6202) Importer(815301076,1909f56bfc062723c751e8b465ee728b)  -> (artifact id: 'd9c12ae8350a04403e4e4af2b1f522a7') in 0.008237 seconds 
========================================================================
Received Import Request.
  Time since last request: 0.000032 seconds.
  path: Assets/Prefabs/Environment/RightRoom.prefab
  artifactKey: Guid(69ea24907abab4afcb186ad1175e1d8f) Importer(815301076,1909f56bfc062723c751e8b465ee728b)
Start importing Assets/Prefabs/Environment/RightRoom.prefab using Guid(69ea24907abab4afcb186ad1175e1d8f) Importer(815301076,1909f56bfc062723c751e8b465ee728b)  -> (artifact id: '7056b93fe9b2f727d6cdc94e7f10e5a4') in 0.008218 seconds 
========================================================================
Received Import Request.
  Time since last request: 12.272141 seconds.
  path: Assets/Prefabs/Environment/BottomDoor.prefab
  artifactKey: Guid(e5980d196deebd54aaee49f415ff5e6d) Importer(815301076,1909f56bfc062723c751e8b465ee728b)
Start importing Assets/Prefabs/Environment/BottomDoor.prefab using Guid(e5980d196deebd54aaee49f415ff5e6d) Importer(815301076,1909f56bfc062723c751e8b465ee728b)  -> (artifact id: '7fb7e7dbb6d7a024f2d593b8abdf6de2') in 0.008153 seconds 
========================================================================
Received Import Request.
  Time since last request: 0.000027 seconds.
  path: Assets/Prefabs/Environment/RightDoor.prefab
  artifactKey: Guid(415a59e01e415804f92d45abf89d8286) Importer(815301076,1909f56bfc062723c751e8b465ee728b)
Start importing Assets/Prefabs/Environment/RightDoor.prefab using Guid(415a59e01e415804f92d45abf89d8286) Importer(815301076,1909f56bfc062723c751e8b465ee728b)  -> (artifact id: 'e5a0ee8b77d1a01fa784776f2306bf0a') in 0.007362 seconds 
========================================================================
Received Import Request.
  Time since last request: 0.000037 seconds.
  path: Assets/Prefabs/Environment/Room.prefab
  artifactKey: Guid(cdc13d3bbb22448178ae9f59af0c6202) Importer(815301076,1909f56bfc062723c751e8b465ee728b)
Start importing Assets/Prefabs/Environment/Room.prefab using Guid(cdc13d3bbb22448178ae9f59af0c6202) Importer(815301076,1909f56bfc062723c751e8b465ee728b)  -> (artifact id: '140e68ac428746a277f5b74e62377b29') in 0.007593 seconds 
========================================================================
Received Import Request.
  Time since last request: 0.000033 seconds.
  path: Assets/Prefabs/Environment/LeftRoom.prefab
  artifactKey: Guid(ce485e52d85d4415f8e519503efb9d75) Importer(815301076,1909f56bfc062723c751e8b465ee728b)
Start importing Assets/Prefabs/Environment/LeftRoom.prefab using Guid(ce485e52d85d4415f8e519503efb9d75) Importer(815301076,1909f56bfc062723c751e8b465ee728b)  -> (artifact id: '4a66a28cf5adb8a47c30eeb935cb7c20') in 0.008825 seconds 
========================================================================
Received Import Request.
  Time since last request: 0.000033 seconds.
  path: Assets/Prefabs/Environment/TopDoor.prefab
  artifactKey: Guid(a617051e1e6f1da4681348c764bcd76f) Importer(815301076,1909f56bfc062723c751e8b465ee728b)
Start importing Assets/Prefabs/Environment/TopDoor.prefab using Guid(a617051e1e6f1da4681348c764bcd76f) Importer(815301076,1909f56bfc062723c751e8b465ee728b)  -> (artifact id: 'f7cd170282bc6078da79643efb33c15c') in 0.008170 seconds 
========================================================================
Received Import Request.
  Time since last request: 2.772637 seconds.
  path: Assets/Prefabs/Environment/BottomDoor.prefab
  artifactKey: Guid(e5980d196deebd54aaee49f415ff5e6d) Importer(815301076,1909f56bfc062723c751e8b465ee728b)
Start importing Assets/Prefabs/Environment/BottomDoor.prefab using Guid(e5980d196deebd54aaee49f415ff5e6d) Importer(815301076,1909f56bfc062723c751e8b465ee728b)  -> (artifact id: '36a24d640f4af310bb552672d6dd0a56') in 0.008398 seconds 
========================================================================
Received Import Request.
  Time since last request: 0.000039 seconds.
  path: Assets/Prefabs/Environment/LeftDoor.prefab
  artifactKey: Guid(42d63c801c11db342b33a1cfb830ebf8) Importer(815301076,1909f56bfc062723c751e8b465ee728b)
Start importing Assets/Prefabs/Environment/LeftDoor.prefab using Guid(42d63c801c11db342b33a1cfb830ebf8) Importer(815301076,1909f56bfc062723c751e8b465ee728b)  -> (artifact id: '74b0285ffa6ceb840cf0c11227bee97c') in 0.007583 seconds 
========================================================================
Received Import Request.
  Time since last request: 0.000027 seconds.
  path: Assets/Prefabs/Environment/TopRoom.prefab
  artifactKey: Guid(5ca27d11aac5b4be99ec652fca7c58a9) Importer(815301076,1909f56bfc062723c751e8b465ee728b)
Start importing Assets/Prefabs/Environment/TopRoom.prefab using Guid(5ca27d11aac5b4be99ec652fca7c58a9) Importer(815301076,1909f56bfc062723c751e8b465ee728b)  -> (artifact id: '47da42349b130c133e9adb0c9318a039') in 0.008423 seconds 
========================================================================
Received Import Request.
  Time since last request: 0.000029 seconds.
  path: Assets/Prefabs/Environment/LeftRoom.prefab
  artifactKey: Guid(ce485e52d85d4415f8e519503efb9d75) Importer(815301076,1909f56bfc062723c751e8b465ee728b)
Start importing Assets/Prefabs/Environment/LeftRoom.prefab using Guid(ce485e52d85d4415f8e519503efb9d75) Importer(815301076,1909f56bfc062723c751e8b465ee728b)  -> (artifact id: 'b587707be1684fd3a055dcdf45f4e35b') in 0.007480 seconds 
========================================================================
Received Import Request.
  Time since last request: 6.608771 seconds.
  path: Assets/Prefabs/Environment/BottomDoor.prefab
  artifactKey: Guid(e5980d196deebd54aaee49f415ff5e6d) Importer(815301076,1909f56bfc062723c751e8b465ee728b)
Start importing Assets/Prefabs/Environment/BottomDoor.prefab using Guid(e5980d196deebd54aaee49f415ff5e6d) Importer(815301076,1909f56bfc062723c751e8b465ee728b)  -> (artifact id: '9f5c3376584a99bdfa1181ebf0b285a7') in 0.008145 seconds 
========================================================================
Received Import Request.
  Time since last request: 0.000040 seconds.
  path: Assets/Prefabs/Environment/LeftDoor.prefab
  artifactKey: Guid(42d63c801c11db342b33a1cfb830ebf8) Importer(815301076,1909f56bfc062723c751e8b465ee728b)
Start importing Assets/Prefabs/Environment/LeftDoor.prefab using Guid(42d63c801c11db342b33a1cfb830ebf8) Importer(815301076,1909f56bfc062723c751e8b465ee728b)  -> (artifact id: '9fe8af0cc04803da574ea6f7d79274c3') in 0.007643 seconds 
========================================================================
Received Import Request.
  Time since last request: 0.000029 seconds.
  path: Assets/Prefabs/Environment/TopRoom.prefab
  artifactKey: Guid(5ca27d11aac5b4be99ec652fca7c58a9) Importer(815301076,1909f56bfc062723c751e8b465ee728b)
Start importing Assets/Prefabs/Environment/TopRoom.prefab using Guid(5ca27d11aac5b4be99ec652fca7c58a9) Importer(815301076,1909f56bfc062723c751e8b465ee728b)  -> (artifact id: 'f562997a85784dcd08094118562c4ae6') in 0.007208 seconds 
========================================================================
Received Import Request.
  Time since last request: 0.000026 seconds.
  path: Assets/Prefabs/Environment/LeftRoom.prefab
  artifactKey: Guid(ce485e52d85d4415f8e519503efb9d75) Importer(815301076,1909f56bfc062723c751e8b465ee728b)
Start importing Assets/Prefabs/Environment/LeftRoom.prefab using Guid(ce485e52d85d4415f8e519503efb9d75) Importer(815301076,1909f56bfc062723c751e8b465ee728b)  -> (artifact id: 'fad5c8f3c8c83b50928455f2a0256569') in 0.007309 seconds 
========================================================================
Received Import Request.
  Time since last request: 0.000043 seconds.
  path: Assets/Prefabs/Environment/TopDoor.prefab
  artifactKey: Guid(a617051e1e6f1da4681348c764bcd76f) Importer(815301076,1909f56bfc062723c751e8b465ee728b)
Start importing Assets/Prefabs/Environment/TopDoor.prefab using Guid(a617051e1e6f1da4681348c764bcd76f) Importer(815301076,1909f56bfc062723c751e8b465ee728b)  -> (artifact id: '9c40d1b8bb34f02b4c9513a31f008f19') in 0.008753 seconds 
========================================================================
Received Import Request.
  Time since last request: 2.971032 seconds.
  path: Assets/Prefabs/Environment/BottomDoor.prefab
  artifactKey: Guid(e5980d196deebd54aaee49f415ff5e6d) Importer(815301076,1909f56bfc062723c751e8b465ee728b)
Start importing Assets/Prefabs/Environment/BottomDoor.prefab using Guid(e5980d196deebd54aaee49f415ff5e6d) Importer(815301076,1909f56bfc062723c751e8b465ee728b)  -> (artifact id: '6d462b73f4a69a347ea6ea5bc797aefc') in 0.008261 seconds 
========================================================================
Received Import Request.
  Time since last request: 0.000039 seconds.
  path: Assets/Prefabs/Environment/LeftDoor.prefab
  artifactKey: Guid(42d63c801c11db342b33a1cfb830ebf8) Importer(815301076,1909f56bfc062723c751e8b465ee728b)
Start importing Assets/Prefabs/Environment/LeftDoor.prefab using Guid(42d63c801c11db342b33a1cfb830ebf8) Importer(815301076,1909f56bfc062723c751e8b465ee728b)  -> (artifact id: '1d52b6ab9a6cf694cfebe27ce0166b6e') in 0.007333 seconds 
========================================================================
Received Import Request.
  Time since last request: 0.000037 seconds.
  path: Assets/Prefabs/Environment/Room.prefab
  artifactKey: Guid(cdc13d3bbb22448178ae9f59af0c6202) Importer(815301076,1909f56bfc062723c751e8b465ee728b)
Start importing Assets/Prefabs/Environment/Room.prefab using Guid(cdc13d3bbb22448178ae9f59af0c6202) Importer(815301076,1909f56bfc062723c751e8b465ee728b)  -> (artifact id: '71a6246c1f7d0f8bc21e1de4eba0bbcf') in 0.008163 seconds 
========================================================================
Received Import Request.
  Time since last request: 0.000024 seconds.
  path: Assets/Prefabs/Environment/RightRoom.prefab
  artifactKey: Guid(69ea24907abab4afcb186ad1175e1d8f) Importer(815301076,1909f56bfc062723c751e8b465ee728b)
Start importing Assets/Prefabs/Environment/RightRoom.prefab using Guid(69ea24907abab4afcb186ad1175e1d8f) Importer(815301076,1909f56bfc062723c751e8b465ee728b)  -> (artifact id: 'aa6a8b27a9bb5624fde931f5d737805f') in 0.008440 seconds 
========================================================================
Received Import Request.
  Time since last request: 35.773381 seconds.
  path: Assets/Prefabs/Environment/BottomDoor.prefab
  artifactKey: Guid(e5980d196deebd54aaee49f415ff5e6d) Importer(815301076,1909f56bfc062723c751e8b465ee728b)
Start importing Assets/Prefabs/Environment/BottomDoor.prefab using Guid(e5980d196deebd54aaee49f415ff5e6d) Importer(815301076,1909f56bfc062723c751e8b465ee728b)  -> (artifact id: 'ba750845ac2d1d63c339da3d917eefe0') in 0.008641 seconds 
========================================================================
Received Import Request.
  Time since last request: 0.000029 seconds.
  path: Assets/Prefabs/Environment/RightDoor.prefab
  artifactKey: Guid(415a59e01e415804f92d45abf89d8286) Importer(815301076,1909f56bfc062723c751e8b465ee728b)
Start importing Assets/Prefabs/Environment/RightDoor.prefab using Guid(415a59e01e415804f92d45abf89d8286) Importer(815301076,1909f56bfc062723c751e8b465ee728b)  -> (artifact id: '72ba9fc6c132652bde6adb123dfab13d') in 0.007912 seconds 
========================================================================
Received Import Request.
  Time since last request: 0.000028 seconds.
  path: Assets/Prefabs/Environment/TopRoom.prefab
  artifactKey: Guid(5ca27d11aac5b4be99ec652fca7c58a9) Importer(815301076,1909f56bfc062723c751e8b465ee728b)
Start importing Assets/Prefabs/Environment/TopRoom.prefab using Guid(5ca27d11aac5b4be99ec652fca7c58a9) Importer(815301076,1909f56bfc062723c751e8b465ee728b)  -> (artifact id: '7d56b00b17a00cf5d8f78f644b24ad6c') in 0.007434 seconds 
========================================================================
Received Import Request.
  Time since last request: 0.000069 seconds.
  path: Assets/Prefabs/Environment/LeftRoom.prefab
  artifactKey: Guid(ce485e52d85d4415f8e519503efb9d75) Importer(815301076,1909f56bfc062723c751e8b465ee728b)
Start importing Assets/Prefabs/Environment/LeftRoom.prefab using Guid(ce485e52d85d4415f8e519503efb9d75) Importer(815301076,1909f56bfc062723c751e8b465ee728b)  -> (artifact id: 'a20b73d873c85c4b9e1de758ebf2d8df') in 0.007858 seconds 
========================================================================
Received Import Request.
  Time since last request: 2.992484 seconds.
  path: Assets/Prefabs/Environment/BottomDoor.prefab
  artifactKey: Guid(e5980d196deebd54aaee49f415ff5e6d) Importer(815301076,1909f56bfc062723c751e8b465ee728b)
Start importing Assets/Prefabs/Environment/BottomDoor.prefab using Guid(e5980d196deebd54aaee49f415ff5e6d) Importer(815301076,1909f56bfc062723c751e8b465ee728b)  -> (artifact id: '36452ada5ae7f90494edec86f9d163a2') in 0.009570 seconds 
========================================================================
Received Import Request.
  Time since last request: 0.000030 seconds.
  path: Assets/Prefabs/Environment/RightDoor.prefab
  artifactKey: Guid(415a59e01e415804f92d45abf89d8286) Importer(815301076,1909f56bfc062723c751e8b465ee728b)
Start importing Assets/Prefabs/Environment/RightDoor.prefab using Guid(415a59e01e415804f92d45abf89d8286) Importer(815301076,1909f56bfc062723c751e8b465ee728b)  -> (artifact id: 'e64ba00df60444e87f8063da1fe823d9') in 0.007307 seconds 
========================================================================
Received Import Request.
  Time since last request: 0.000040 seconds.
  path: Assets/Prefabs/Environment/Room.prefab
  artifactKey: Guid(cdc13d3bbb22448178ae9f59af0c6202) Importer(815301076,1909f56bfc062723c751e8b465ee728b)
Start importing Assets/Prefabs/Environment/Room.prefab using Guid(cdc13d3bbb22448178ae9f59af0c6202) Importer(815301076,1909f56bfc062723c751e8b465ee728b)  -> (artifact id: '7f9e6fa49560ce254dd202506c39324b') in 0.007279 seconds 
========================================================================
Received Import Request.
  Time since last request: 0.000030 seconds.
  path: Assets/Prefabs/Environment/RightRoom.prefab
  artifactKey: Guid(69ea24907abab4afcb186ad1175e1d8f) Importer(815301076,1909f56bfc062723c751e8b465ee728b)
Start importing Assets/Prefabs/Environment/RightRoom.prefab using Guid(69ea24907abab4afcb186ad1175e1d8f) Importer(815301076,1909f56bfc062723c751e8b465ee728b)  -> (artifact id: 'ba1d2375420ebf299a506d4801b5d2db') in 0.008558 seconds 
========================================================================
Received Import Request.
  Time since last request: 0.000037 seconds.
  path: Assets/Prefabs/Environment/TopDoor.prefab
  artifactKey: Guid(a617051e1e6f1da4681348c764bcd76f) Importer(815301076,1909f56bfc062723c751e8b465ee728b)
Start importing Assets/Prefabs/Environment/TopDoor.prefab using Guid(a617051e1e6f1da4681348c764bcd76f) Importer(815301076,1909f56bfc062723c751e8b465ee728b)  -> (artifact id: '1ad7ff6e2e5b40e2cdc599e5313da5c4') in 0.007242 seconds 
========================================================================
Received Import Request.
  Time since last request: 14.698987 seconds.
  path: Assets/Prefabs/Environment/BottomDoor.prefab
  artifactKey: Guid(e5980d196deebd54aaee49f415ff5e6d) Importer(815301076,1909f56bfc062723c751e8b465ee728b)
Start importing Assets/Prefabs/Environment/BottomDoor.prefab using Guid(e5980d196deebd54aaee49f415ff5e6d) Importer(815301076,1909f56bfc062723c751e8b465ee728b)  -> (artifact id: '7f6132c5e985cbeb77d333ecdac31d0d') in 0.008476 seconds 
========================================================================
Received Import Request.
  Time since last request: 0.000027 seconds.
  path: Assets/Prefabs/Environment/RightDoor.prefab
  artifactKey: Guid(415a59e01e415804f92d45abf89d8286) Importer(815301076,1909f56bfc062723c751e8b465ee728b)
Start importing Assets/Prefabs/Environment/RightDoor.prefab using Guid(415a59e01e415804f92d45abf89d8286) Importer(815301076,1909f56bfc062723c751e8b465ee728b)  -> (artifact id: 'dbbc22a892107566cfcee64ea018c48c') in 0.007233 seconds 
========================================================================
Received Import Request.
  Time since last request: 0.000039 seconds.
  path: Assets/Prefabs/Environment/TopRoom.prefab
  artifactKey: Guid(5ca27d11aac5b4be99ec652fca7c58a9) Importer(815301076,1909f56bfc062723c751e8b465ee728b)
Start importing Assets/Prefabs/Environment/TopRoom.prefab using Guid(5ca27d11aac5b4be99ec652fca7c58a9) Importer(815301076,1909f56bfc062723c751e8b465ee728b)  -> (artifact id: '5fe59bbe0690b0b55b350934de055ed1') in 0.008462 seconds 
========================================================================
Received Import Request.
  Time since last request: 0.000026 seconds.
  path: Assets/Prefabs/Environment/LeftRoom.prefab
  artifactKey: Guid(ce485e52d85d4415f8e519503efb9d75) Importer(815301076,1909f56bfc062723c751e8b465ee728b)
Start importing Assets/Prefabs/Environment/LeftRoom.prefab using Guid(ce485e52d85d4415f8e519503efb9d75) Importer(815301076,1909f56bfc062723c751e8b465ee728b)  -> (artifact id: 'c7be43d62124b45aae5d5e1e121cc5d9') in 0.008586 seconds 
========================================================================
Received Import Request.
  Time since last request: 5.602487 seconds.
  path: Assets/Prefabs/Environment/BottomDoor.prefab
  artifactKey: Guid(e5980d196deebd54aaee49f415ff5e6d) Importer(815301076,1909f56bfc062723c751e8b465ee728b)
Start importing Assets/Prefabs/Environment/BottomDoor.prefab using Guid(e5980d196deebd54aaee49f415ff5e6d) Importer(815301076,1909f56bfc062723c751e8b465ee728b)  -> (artifact id: 'b539aa553208f19b0e7b8ecf89af1f5d') in 0.008237 seconds 
========================================================================
Received Import Request.
  Time since last request: 0.000036 seconds.
  path: Assets/Prefabs/Environment/LeftDoor.prefab
  artifactKey: Guid(42d63c801c11db342b33a1cfb830ebf8) Importer(815301076,1909f56bfc062723c751e8b465ee728b)
Start importing Assets/Prefabs/Environment/LeftDoor.prefab using Guid(42d63c801c11db342b33a1cfb830ebf8) Importer(815301076,1909f56bfc062723c751e8b465ee728b)  -> (artifact id: '73bb13854b13d1af2b7b34d7074d66af') in 0.007464 seconds 
========================================================================
Received Import Request.
  Time since last request: 0.000031 seconds.
  path: Assets/Prefabs/Environment/Room.prefab
  artifactKey: Guid(cdc13d3bbb22448178ae9f59af0c6202) Importer(815301076,1909f56bfc062723c751e8b465ee728b)
Start importing Assets/Prefabs/Environment/Room.prefab using Guid(cdc13d3bbb22448178ae9f59af0c6202) Importer(815301076,1909f56bfc062723c751e8b465ee728b)  -> (artifact id: '496a5e7a28e350fcab1f862db40b6e59') in 0.007742 seconds 
========================================================================
Received Import Request.
  Time since last request: 0.000044 seconds.
  path: Assets/Prefabs/Environment/RightRoom.prefab
  artifactKey: Guid(69ea24907abab4afcb186ad1175e1d8f) Importer(815301076,1909f56bfc062723c751e8b465ee728b)
Start importing Assets/Prefabs/Environment/RightRoom.prefab using Guid(69ea24907abab4afcb186ad1175e1d8f) Importer(815301076,1909f56bfc062723c751e8b465ee728b)  -> (artifact id: '26a8cb0ed6e9be855bc9d69ab1db6d75') in 0.008039 seconds 
========================================================================
Received Import Request.
  Time since last request: 4.802916 seconds.
  path: Assets/Prefabs/Environment/BottomDoor.prefab
  artifactKey: Guid(e5980d196deebd54aaee49f415ff5e6d) Importer(815301076,1909f56bfc062723c751e8b465ee728b)
Start importing Assets/Prefabs/Environment/BottomDoor.prefab using Guid(e5980d196deebd54aaee49f415ff5e6d) Importer(815301076,1909f56bfc062723c751e8b465ee728b)  -> (artifact id: 'dc1efc8e99f54432b35efe18c2716d84') in 0.008615 seconds 
========================================================================
Received Import Request.
  Time since last request: 0.000032 seconds.
  path: Assets/Prefabs/Environment/RightDoor.prefab
  artifactKey: Guid(415a59e01e415804f92d45abf89d8286) Importer(815301076,1909f56bfc062723c751e8b465ee728b)
Start importing Assets/Prefabs/Environment/RightDoor.prefab using Guid(415a59e01e415804f92d45abf89d8286) Importer(815301076,1909f56bfc062723c751e8b465ee728b)  -> (artifact id: '6acf17dd4c0b88e2a55798f4b10f1948') in 0.007879 seconds 
========================================================================
Received Import Request.
  Time since last request: 0.000039 seconds.
  path: Assets/Prefabs/Environment/Room.prefab
  artifactKey: Guid(cdc13d3bbb22448178ae9f59af0c6202) Importer(815301076,1909f56bfc062723c751e8b465ee728b)
Start importing Assets/Prefabs/Environment/Room.prefab using Guid(cdc13d3bbb22448178ae9f59af0c6202) Importer(815301076,1909f56bfc062723c751e8b465ee728b)  -> (artifact id: '7471c42829cc3ad0d9872297edd68675') in 0.007751 seconds 
========================================================================
Received Import Request.
  Time since last request: 0.000034 seconds.
  path: Assets/Prefabs/Environment/RightRoom.prefab
  artifactKey: Guid(69ea24907abab4afcb186ad1175e1d8f) Importer(815301076,1909f56bfc062723c751e8b465ee728b)
Start importing Assets/Prefabs/Environment/RightRoom.prefab using Guid(69ea24907abab4afcb186ad1175e1d8f) Importer(815301076,1909f56bfc062723c751e8b465ee728b)  -> (artifact id: '8837a0fbd5ffb45feeeed1016cfb816e') in 0.007699 seconds 
========================================================================
Received Import Request.
  Time since last request: 0.000031 seconds.
  path: Assets/Prefabs/Environment/TopDoor.prefab
  artifactKey: Guid(a617051e1e6f1da4681348c764bcd76f) Importer(815301076,1909f56bfc062723c751e8b465ee728b)
Start importing Assets/Prefabs/Environment/TopDoor.prefab using Guid(a617051e1e6f1da4681348c764bcd76f) Importer(815301076,1909f56bfc062723c751e8b465ee728b)  -> (artifact id: 'c391af0a71a453e15caaeed97f1520a8') in 0.006994 seconds 
========================================================================
Received Import Request.
  Time since last request: 142.776814 seconds.
  path: Assets/Prefabs/Environment/BottomDoor.prefab
  artifactKey: Guid(e5980d196deebd54aaee49f415ff5e6d) Importer(815301076,1909f56bfc062723c751e8b465ee728b)
Start importing Assets/Prefabs/Environment/BottomDoor.prefab using Guid(e5980d196deebd54aaee49f415ff5e6d) Importer(815301076,1909f56bfc062723c751e8b465ee728b)  -> (artifact id: '5c82d8e021a490925ae6658516e6d214') in 0.014885 seconds 
========================================================================
Received Import Request.
  Time since last request: 0.000034 seconds.
  path: Assets/Prefabs/Environment/RightDoor.prefab
  artifactKey: Guid(415a59e01e415804f92d45abf89d8286) Importer(815301076,1909f56bfc062723c751e8b465ee728b)
Start importing Assets/Prefabs/Environment/RightDoor.prefab using Guid(415a59e01e415804f92d45abf89d8286) Importer(815301076,1909f56bfc062723c751e8b465ee728b)  -> (artifact id: '141f2303ac76f4ef182cac1353b3557c') in 0.007321 seconds 
========================================================================
Received Import Request.
  Time since last request: 0.000035 seconds.
  path: Assets/Prefabs/Environment/Room.prefab
  artifactKey: Guid(cdc13d3bbb22448178ae9f59af0c6202) Importer(815301076,1909f56bfc062723c751e8b465ee728b)
Start importing Assets/Prefabs/Environment/Room.prefab using Guid(cdc13d3bbb22448178ae9f59af0c6202) Importer(815301076,1909f56bfc062723c751e8b465ee728b)  -> (artifact id: '0e28e12a186cc561c3f52d87a84ecfe5') in 0.009217 seconds 
========================================================================
Received Import Request.
  Time since last request: 0.000038 seconds.
  path: Assets/Prefabs/Environment/RightRoom.prefab
  artifactKey: Guid(69ea24907abab4afcb186ad1175e1d8f) Importer(815301076,1909f56bfc062723c751e8b465ee728b)
Start importing Assets/Prefabs/Environment/RightRoom.prefab using Guid(69ea24907abab4afcb186ad1175e1d8f) Importer(815301076,1909f56bfc062723c751e8b465ee728b)  -> (artifact id: '9dad6e7af55a2a4d5b0a8a6243e622ef') in 0.007793 seconds 
========================================================================
Received Import Request.
  Time since last request: 8.949081 seconds.
  path: Assets/Prefabs/Environment/BottomDoor.prefab
  artifactKey: Guid(e5980d196deebd54aaee49f415ff5e6d) Importer(815301076,1909f56bfc062723c751e8b465ee728b)
Start importing Assets/Prefabs/Environment/BottomDoor.prefab using Guid(e5980d196deebd54aaee49f415ff5e6d) Importer(815301076,1909f56bfc062723c751e8b465ee728b)  -> (artifact id: 'b47c1404f1aea1fb03127a1488ce52bd') in 0.010101 seconds 
========================================================================
Received Import Request.
  Time since last request: 0.000051 seconds.
  path: Assets/Prefabs/Environment/RightDoor.prefab
  artifactKey: Guid(415a59e01e415804f92d45abf89d8286) Importer(815301076,1909f56bfc062723c751e8b465ee728b)
Start importing Assets/Prefabs/Environment/RightDoor.prefab using Guid(415a59e01e415804f92d45abf89d8286) Importer(815301076,1909f56bfc062723c751e8b465ee728b)  -> (artifact id: '4f1fef959f6fa629e6c7339f3e5fc8af') in 0.008428 seconds 
========================================================================
Received Import Request.
  Time since last request: 0.000037 seconds.
  path: Assets/Prefabs/Environment/Room.prefab
  artifactKey: Guid(cdc13d3bbb22448178ae9f59af0c6202) Importer(815301076,1909f56bfc062723c751e8b465ee728b)
Start importing Assets/Prefabs/Environment/Room.prefab using Guid(cdc13d3bbb22448178ae9f59af0c6202) Importer(815301076,1909f56bfc062723c751e8b465ee728b)  -> (artifact id: 'c76b2a5ab330cfe2246bd7708c495424') in 0.007873 seconds 
========================================================================
Received Import Request.
  Time since last request: 0.000037 seconds.
  path: Assets/Prefabs/Environment/LeftRoom.prefab
  artifactKey: Guid(ce485e52d85d4415f8e519503efb9d75) Importer(815301076,1909f56bfc062723c751e8b465ee728b)
Start importing Assets/Prefabs/Environment/LeftRoom.prefab using Guid(ce485e52d85d4415f8e519503efb9d75) Importer(815301076,1909f56bfc062723c751e8b465ee728b)  -> (artifact id: 'e47a81daf18def2a60e0ea2b2374081e') in 0.007519 seconds 
========================================================================
Received Import Request.
  Time since last request: 9.218011 seconds.
  path: Assets/Prefabs/Environment/BottomDoor.prefab
  artifactKey: Guid(e5980d196deebd54aaee49f415ff5e6d) Importer(815301076,1909f56bfc062723c751e8b465ee728b)
Start importing Assets/Prefabs/Environment/BottomDoor.prefab using Guid(e5980d196deebd54aaee49f415ff5e6d) Importer(815301076,1909f56bfc062723c751e8b465ee728b)  -> (artifact id: '5a00c0686cc355cac8990643d979f013') in 0.008490 seconds 
========================================================================
Received Import Request.
  Time since last request: 0.000043 seconds.
  path: Assets/Prefabs/Environment/RightDoor.prefab
  artifactKey: Guid(415a59e01e415804f92d45abf89d8286) Importer(815301076,1909f56bfc062723c751e8b465ee728b)
Start importing Assets/Prefabs/Environment/RightDoor.prefab using Guid(415a59e01e415804f92d45abf89d8286) Importer(815301076,1909f56bfc062723c751e8b465ee728b)  -> (artifact id: '8a945b40b4aa0ebe836f41fd1119d04e') in 0.007361 seconds 
========================================================================
Received Import Request.
  Time since last request: 0.000039 seconds.
  path: Assets/Prefabs/Environment/Room.prefab
  artifactKey: Guid(cdc13d3bbb22448178ae9f59af0c6202) Importer(815301076,1909f56bfc062723c751e8b465ee728b)
Start importing Assets/Prefabs/Environment/Room.prefab using Guid(cdc13d3bbb22448178ae9f59af0c6202) Importer(815301076,1909f56bfc062723c751e8b465ee728b)  -> (artifact id: '00ae11af61e48629a010bbafcba85d0b') in 0.007691 seconds 
========================================================================
Received Import Request.
  Time since last request: 0.000036 seconds.
  path: Assets/Prefabs/Environment/RightRoom.prefab
  artifactKey: Guid(69ea24907abab4afcb186ad1175e1d8f) Importer(815301076,1909f56bfc062723c751e8b465ee728b)
Start importing Assets/Prefabs/Environment/RightRoom.prefab using Guid(69ea24907abab4afcb186ad1175e1d8f) Importer(815301076,1909f56bfc062723c751e8b465ee728b)  -> (artifact id: '8fe8989293f70fb651901fdbf3c02829') in 0.008461 seconds 
========================================================================
Received Import Request.
  Time since last request: 0.000032 seconds.
  path: Assets/Prefabs/Environment/TopDoor.prefab
  artifactKey: Guid(a617051e1e6f1da4681348c764bcd76f) Importer(815301076,1909f56bfc062723c751e8b465ee728b)
Start importing Assets/Prefabs/Environment/TopDoor.prefab using Guid(a617051e1e6f1da4681348c764bcd76f) Importer(815301076,1909f56bfc062723c751e8b465ee728b)  -> (artifact id: 'd9513534ecc4229d3f1b7a8542dcf2b2') in 0.006790 seconds 
========================================================================
Received Import Request.
  Time since last request: 16.875216 seconds.
  path: Assets/Prefabs/Environment/BottomDoor.prefab
  artifactKey: Guid(e5980d196deebd54aaee49f415ff5e6d) Importer(815301076,1909f56bfc062723c751e8b465ee728b)
Start importing Assets/Prefabs/Environment/BottomDoor.prefab using Guid(e5980d196deebd54aaee49f415ff5e6d) Importer(815301076,1909f56bfc062723c751e8b465ee728b)  -> (artifact id: 'f78c0cc1a607b3df207975f2539a9d1d') in 0.008475 seconds 
========================================================================
Received Import Request.
  Time since last request: 0.000028 seconds.
  path: Assets/Prefabs/Environment/RightDoor.prefab
  artifactKey: Guid(415a59e01e415804f92d45abf89d8286) Importer(815301076,1909f56bfc062723c751e8b465ee728b)
Start importing Assets/Prefabs/Environment/RightDoor.prefab using Guid(415a59e01e415804f92d45abf89d8286) Importer(815301076,1909f56bfc062723c751e8b465ee728b)  -> (artifact id: '41bb6eb50d4ea0d8a3b924d6202a2311') in 0.007212 seconds 
========================================================================
Received Import Request.
  Time since last request: 0.000027 seconds.
  path: Assets/Prefabs/Environment/TopRoom.prefab
  artifactKey: Guid(5ca27d11aac5b4be99ec652fca7c58a9) Importer(815301076,1909f56bfc062723c751e8b465ee728b)
Start importing Assets/Prefabs/Environment/TopRoom.prefab using Guid(5ca27d11aac5b4be99ec652fca7c58a9) Importer(815301076,1909f56bfc062723c751e8b465ee728b)  -> (artifact id: '1ccf59f19cdf8d1b366177f7e30cf09b') in 0.007882 seconds 
========================================================================
Received Import Request.
  Time since last request: 0.000028 seconds.
  path: Assets/Prefabs/Environment/RoomSpawnPoint.prefab
  artifactKey: Guid(bded8c106707d40d9bdeff088dd3b510) Importer(815301076,1909f56bfc062723c751e8b465ee728b)
Start importing Assets/Prefabs/Environment/RoomSpawnPoint.prefab using Guid(bded8c106707d40d9bdeff088dd3b510) Importer(815301076,1909f56bfc062723c751e8b465ee728b)  -> (artifact id: '399aaca0106471373c58c96f66a01079') in 0.001236 seconds 
========================================================================
Received Import Request.
  Time since last request: 0.000077 seconds.
  path: Assets/Prefabs/Environment/LeftRoom.prefab
  artifactKey: Guid(ce485e52d85d4415f8e519503efb9d75) Importer(815301076,1909f56bfc062723c751e8b465ee728b)
Start importing Assets/Prefabs/Environment/LeftRoom.prefab using Guid(ce485e52d85d4415f8e519503efb9d75) Importer(815301076,1909f56bfc062723c751e8b465ee728b)  -> (artifact id: 'c5ae9d79ae5fde8117e011de024d6631') in 0.008212 seconds 
========================================================================
Received Import Request.
  Time since last request: 4.212076 seconds.
  path: Assets/Prefabs/Environment/BottomDoor.prefab
  artifactKey: Guid(e5980d196deebd54aaee49f415ff5e6d) Importer(815301076,1909f56bfc062723c751e8b465ee728b)
Start importing Assets/Prefabs/Environment/BottomDoor.prefab using Guid(e5980d196deebd54aaee49f415ff5e6d) Importer(815301076,1909f56bfc062723c751e8b465ee728b)  -> (artifact id: 'fc0a0a0dc0c60cd75b5a7e8c3970f979') in 0.008659 seconds 
========================================================================
Received Import Request.
  Time since last request: 0.000038 seconds.
  path: Assets/Prefabs/Environment/LeftDoor.prefab
  artifactKey: Guid(42d63c801c11db342b33a1cfb830ebf8) Importer(815301076,1909f56bfc062723c751e8b465ee728b)
Start importing Assets/Prefabs/Environment/LeftDoor.prefab using Guid(42d63c801c11db342b33a1cfb830ebf8) Importer(815301076,1909f56bfc062723c751e8b465ee728b)  -> (artifact id: '98ae2ad4ca1f4dfdc510e1cb9e0d075c') in 0.007533 seconds 
========================================================================
Received Import Request.
  Time since last request: 0.000034 seconds.
  path: Assets/Prefabs/Environment/Room.prefab
  artifactKey: Guid(cdc13d3bbb22448178ae9f59af0c6202) Importer(815301076,1909f56bfc062723c751e8b465ee728b)
Start importing Assets/Prefabs/Environment/Room.prefab using Guid(cdc13d3bbb22448178ae9f59af0c6202) Importer(815301076,1909f56bfc062723c751e8b465ee728b)  -> (artifact id: '5cec2cf5952aa139fb00c90d11e0ad0b') in 0.007319 seconds 
========================================================================
Received Import Request.
  Time since last request: 0.000037 seconds.
  path: Assets/Prefabs/Environment/RightRoom.prefab
  artifactKey: Guid(69ea24907abab4afcb186ad1175e1d8f) Importer(815301076,1909f56bfc062723c751e8b465ee728b)
Start importing Assets/Prefabs/Environment/RightRoom.prefab using Guid(69ea24907abab4afcb186ad1175e1d8f) Importer(815301076,1909f56bfc062723c751e8b465ee728b)  -> (artifact id: '20c6069579f87c1e0eb496ff0a3515b4') in 0.007448 seconds 
========================================================================
Received Import Request.
  Time since last request: 0.000031 seconds.
  path: Assets/Prefabs/Environment/TopDoor.prefab
  artifactKey: Guid(a617051e1e6f1da4681348c764bcd76f) Importer(815301076,1909f56bfc062723c751e8b465ee728b)
Start importing Assets/Prefabs/Environment/TopDoor.prefab using Guid(a617051e1e6f1da4681348c764bcd76f) Importer(815301076,1909f56bfc062723c751e8b465ee728b)  -> (artifact id: '72a6a4ad2ea7ae509e81fff37a579c38') in 0.007750 seconds 
========================================================================
Received Import Request.
  Time since last request: 2.553979 seconds.
  path: Assets/Prefabs/Environment/BottomDoor.prefab
  artifactKey: Guid(e5980d196deebd54aaee49f415ff5e6d) Importer(815301076,1909f56bfc062723c751e8b465ee728b)
Start importing Assets/Prefabs/Environment/BottomDoor.prefab using Guid(e5980d196deebd54aaee49f415ff5e6d) Importer(815301076,1909f56bfc062723c751e8b465ee728b)  -> (artifact id: 'ed9a4a7267f40299e25b48a46dc63e44') in 0.008516 seconds 
========================================================================
Received Import Request.
  Time since last request: 0.000039 seconds.
  path: Assets/Prefabs/Environment/LeftDoor.prefab
  artifactKey: Guid(42d63c801c11db342b33a1cfb830ebf8) Importer(815301076,1909f56bfc062723c751e8b465ee728b)
Start importing Assets/Prefabs/Environment/LeftDoor.prefab using Guid(42d63c801c11db342b33a1cfb830ebf8) Importer(815301076,1909f56bfc062723c751e8b465ee728b)  -> (artifact id: '0b678b04ce4879e35f5130b476ee0ca8') in 0.007386 seconds 
========================================================================
Received Import Request.
  Time since last request: 0.000028 seconds.
  path: Assets/Prefabs/Environment/TopRoom.prefab
  artifactKey: Guid(5ca27d11aac5b4be99ec652fca7c58a9) Importer(815301076,1909f56bfc062723c751e8b465ee728b)
Start importing Assets/Prefabs/Environment/TopRoom.prefab using Guid(5ca27d11aac5b4be99ec652fca7c58a9) Importer(815301076,1909f56bfc062723c751e8b465ee728b)  -> (artifact id: '5de234952d80d10cbb154b4ede3ecb93') in 0.007486 seconds 
========================================================================
Received Import Request.
  Time since last request: 0.000026 seconds.
  path: Assets/Prefabs/Environment/RoomSpawnPoint.prefab
  artifactKey: Guid(bded8c106707d40d9bdeff088dd3b510) Importer(815301076,1909f56bfc062723c751e8b465ee728b)
Start importing Assets/Prefabs/Environment/RoomSpawnPoint.prefab using Guid(bded8c106707d40d9bdeff088dd3b510) Importer(815301076,1909f56bfc062723c751e8b465ee728b)  -> (artifact id: '6e1cc4704a4c767db0ff1bdc5b29ac26') in 0.001355 seconds 
========================================================================
Received Import Request.
  Time since last request: 0.000027 seconds.
  path: Assets/Prefabs/Environment/LeftRoom.prefab
  artifactKey: Guid(ce485e52d85d4415f8e519503efb9d75) Importer(815301076,1909f56bfc062723c751e8b465ee728b)
Start importing Assets/Prefabs/Environment/LeftRoom.prefab using Guid(ce485e52d85d4415f8e519503efb9d75) Importer(815301076,1909f56bfc062723c751e8b465ee728b)  -> (artifact id: 'ca8cc16c73c5ef7e34e3ce3f07b87ecf') in 0.007186 seconds 
========================================================================
Received Prepare
Registering precompiled user dll's ...
Registered in 0.002507 seconds.
Begin MonoManager ReloadAssembly
Thread 0x17fcc3000 may have been prematurely finalized
Symbol file LoadedFromMemory doesn't match image /Users/fabian/Projects/TreasureHunt-Main/TreasureHunt/TreasureHunt/Library/PackageCache/com.unity.visualscripting@1.7.8/Editor/VisualScripting.Core/Dependencies/YamlDotNet/Unity.VisualScripting.YamlDotNet.dll
Symbol file LoadedFromMemory doesn't match image /Users/fabian/Projects/TreasureHunt-Main/TreasureHunt/TreasureHunt/Library/PackageCache/com.unity.visualscripting@1.7.8/Editor/VisualScripting.Core/Dependencies/DotNetZip/Unity.VisualScripting.IonicZip.dll
Native extension for OSXStandalone target not found
Native extension for WebGL target not found
Refreshing native plugins compatible for Editor in 0.48 ms, found 3 plugins.
Preloading 0 native plugins for Editor in 0.00 ms.
Mono: successfully reloaded assembly
- Completed reload, in  0.607 seconds
Domain Reload Profiling:
	ReloadAssembly (608ms)
		BeginReloadAssembly (100ms)
			ExecutionOrderSort (0ms)
			DisableScriptedObjects (4ms)
			BackupInstance (0ms)
			ReleaseScriptingObjects (0ms)
			CreateAndSetChildDomain (51ms)
		EndReloadAssembly (453ms)
			LoadAssemblies (35ms)
			RebuildTransferFunctionScriptingTraits (0ms)
			SetupTypeCache (149ms)
			ReleaseScriptCaches (1ms)
			RebuildScriptCaches (29ms)
			SetupLoadedEditorAssemblies (216ms)
				LogAssemblyErrors (0ms)
				InitializePlatformSupportModulesInManaged (5ms)
				SetLoadedEditorAssemblies (0ms)
				RefreshPlugins (0ms)
				BeforeProcessingInitializeOnLoad (39ms)
				ProcessInitializeOnLoadAttributes (154ms)
				ProcessInitializeOnLoadMethodAttributes (17ms)
				AfterProcessingInitializeOnLoad (1ms)
				EditorAssembliesLoaded (0ms)
			ExecutionOrderSort2 (0ms)
			AwakeInstancesAfterBackupRestoration (3ms)
Platform modules already initialized, skipping
Refreshing native plugins compatible for Editor in 1.46 ms, found 3 plugins.
Preloading 0 native plugins for Editor in 0.00 ms.
Unloading 4237 Unused Serialized files (Serialized files now loaded: 0)
Unloading 32 unused Assets / (217.8 KB). Loaded Objects now: 4730.
Memory consumption went from 159.8 MB to 159.6 MB.
Total: 2.398625 ms (FindLiveObjects: 0.156792 ms CreateObjectMapping: 0.067958 ms MarkObjects: 2.084250 ms  DeleteObjects: 0.089042 ms)

AssetImportParameters requested are different than current active one (requested -> active):
  custom:video-decoder-ogg-theora: a1e56fd34408186e4bbccfd4996cb3dc -> 
  custom:container-muxer-webm: aa71ff27fc2769a1b78a27578f13a17b -> 
  custom:container-demuxer-webm: 4f35f7cbe854078d1ac9338744f61a02 -> 
  custom:video-encoder-webm-vp8: eb34c28f22e8b96e1ab97ce403110664 -> 
  custom:framework-osx-AVFoundation: e770b220cccbd017edd2c1fefb359320 -> 
  custom:audio-encoder-webm-vorbis: bf7c407c2cedff20999df2af8eb42d56 -> 
  custom:container-demuxer-ogg: 62fdf1f143b41e24485cea50d1cbac27 -> 
  custom:video-decoder-webm-vp8: 9c59270c3fd7afecdb556c50c9e8de78 -> 
  custom:audio-decoder-ogg-vorbis: bf7c407c2cedff20999df2af8eb42d56 -> 
========================================================================
Received Import Request.
  Time since last request: 349.748557 seconds.
  path: Assets/Prefabs/Environment/BottomDoor.prefab
  artifactKey: Guid(e5980d196deebd54aaee49f415ff5e6d) Importer(815301076,1909f56bfc062723c751e8b465ee728b)
Start importing Assets/Prefabs/Environment/BottomDoor.prefab using Guid(e5980d196deebd54aaee49f415ff5e6d) Importer(815301076,1909f56bfc062723c751e8b465ee728b)  -> (artifact id: 'cd6ab3d1585e6316341b364078429913') in 0.040205 seconds 
========================================================================
Received Import Request.
  Time since last request: 0.000030 seconds.
  path: Assets/Prefabs/Environment/Room.prefab
  artifactKey: Guid(cdc13d3bbb22448178ae9f59af0c6202) Importer(815301076,1909f56bfc062723c751e8b465ee728b)
Start importing Assets/Prefabs/Environment/Room.prefab using Guid(cdc13d3bbb22448178ae9f59af0c6202) Importer(815301076,1909f56bfc062723c751e8b465ee728b)  -> (artifact id: '3c0b4d8b1cc4fa142868a9f3826295bd') in 0.010384 seconds 
========================================================================
Received Import Request.
  Time since last request: 0.000032 seconds.
  path: Assets/Prefabs/Environment/TopRoom.prefab
  artifactKey: Guid(5ca27d11aac5b4be99ec652fca7c58a9) Importer(815301076,1909f56bfc062723c751e8b465ee728b)
Start importing Assets/Prefabs/Environment/TopRoom.prefab using Guid(5ca27d11aac5b4be99ec652fca7c58a9) Importer(815301076,1909f56bfc062723c751e8b465ee728b)  -> (artifact id: '6b6a397327c6da6e1106ba8d9b3587b0') in 0.009143 seconds 
========================================================================
Received Import Request.
  Time since last request: 0.000039 seconds.
  path: Assets/Prefabs/Environment/LeftRoom.prefab
  artifactKey: Guid(ce485e52d85d4415f8e519503efb9d75) Importer(815301076,1909f56bfc062723c751e8b465ee728b)
Start importing Assets/Prefabs/Environment/LeftRoom.prefab using Guid(ce485e52d85d4415f8e519503efb9d75) Importer(815301076,1909f56bfc062723c751e8b465ee728b)  -> (artifact id: 'fa28c1437228b6f4a05ac1d9cb2777a7') in 0.008818 seconds 
========================================================================
Received Import Request.
  Time since last request: 0.000037 seconds.
  path: Assets/Prefabs/Environment/TopDoor.prefab
  artifactKey: Guid(a617051e1e6f1da4681348c764bcd76f) Importer(815301076,1909f56bfc062723c751e8b465ee728b)
Start importing Assets/Prefabs/Environment/TopDoor.prefab using Guid(a617051e1e6f1da4681348c764bcd76f) Importer(815301076,1909f56bfc062723c751e8b465ee728b)  -> (artifact id: 'b800041c006368befcb5cb6d0e769ccf') in 0.007521 seconds 
========================================================================
Received Import Request.
  Time since last request: 147.155164 seconds.
  path: Assets/Scripts/SpawnRoom.cs
  artifactKey: Guid(05e18887d3cb44f5d958dbfcce70e6e5) Importer(815301076,1909f56bfc062723c751e8b465ee728b)
Start importing Assets/Scripts/SpawnRoom.cs using Guid(05e18887d3cb44f5d958dbfcce70e6e5) Importer(815301076,1909f56bfc062723c751e8b465ee728b)  -> (artifact id: '6e68c62761ad4475df70ba85ed5e0202') in 0.059237 seconds 
========================================================================
Received Prepare
Registering precompiled user dll's ...
Registered in 0.001982 seconds.
Begin MonoManager ReloadAssembly
Thread 0x16b9db000 may have been prematurely finalized
Symbol file LoadedFromMemory doesn't match image /Users/fabian/Projects/TreasureHunt-Main/TreasureHunt/TreasureHunt/Library/PackageCache/com.unity.visualscripting@1.7.8/Editor/VisualScripting.Core/Dependencies/YamlDotNet/Unity.VisualScripting.YamlDotNet.dll
Symbol file LoadedFromMemory doesn't match image /Users/fabian/Projects/TreasureHunt-Main/TreasureHunt/TreasureHunt/Library/PackageCache/com.unity.visualscripting@1.7.8/Editor/VisualScripting.Core/Dependencies/DotNetZip/Unity.VisualScripting.IonicZip.dll
Native extension for OSXStandalone target not found
Native extension for WebGL target not found
Refreshing native plugins compatible for Editor in 0.64 ms, found 3 plugins.
Preloading 0 native plugins for Editor in 0.00 ms.
Mono: successfully reloaded assembly
- Completed reload, in  0.620 seconds
Domain Reload Profiling:
	ReloadAssembly (620ms)
		BeginReloadAssembly (81ms)
			ExecutionOrderSort (0ms)
			DisableScriptedObjects (3ms)
			BackupInstance (0ms)
			ReleaseScriptingObjects (0ms)
			CreateAndSetChildDomain (36ms)
		EndReloadAssembly (483ms)
			LoadAssemblies (35ms)
			RebuildTransferFunctionScriptingTraits (0ms)
			SetupTypeCache (152ms)
			ReleaseScriptCaches (1ms)
			RebuildScriptCaches (33ms)
			SetupLoadedEditorAssemblies (234ms)
				LogAssemblyErrors (0ms)
				InitializePlatformSupportModulesInManaged (5ms)
				SetLoadedEditorAssemblies (0ms)
				RefreshPlugins (1ms)
				BeforeProcessingInitializeOnLoad (41ms)
				ProcessInitializeOnLoadAttributes (167ms)
				ProcessInitializeOnLoadMethodAttributes (20ms)
				AfterProcessingInitializeOnLoad (1ms)
				EditorAssembliesLoaded (0ms)
			ExecutionOrderSort2 (0ms)
			AwakeInstancesAfterBackupRestoration (3ms)
Platform modules already initialized, skipping
Refreshing native plugins compatible for Editor in 1.19 ms, found 3 plugins.
Preloading 0 native plugins for Editor in 0.00 ms.
Unloading 4237 Unused Serialized files (Serialized files now loaded: 0)
Unloading 32 unused Assets / (221.5 KB). Loaded Objects now: 4745.
Memory consumption went from 163.9 MB to 163.7 MB.
Total: 2.775292 ms (FindLiveObjects: 0.173208 ms CreateObjectMapping: 0.085042 ms MarkObjects: 2.418625 ms  DeleteObjects: 0.097833 ms)

AssetImportParameters requested are different than current active one (requested -> active):
  custom:video-decoder-ogg-theora: a1e56fd34408186e4bbccfd4996cb3dc -> 
  custom:container-muxer-webm: aa71ff27fc2769a1b78a27578f13a17b -> 
  custom:container-demuxer-webm: 4f35f7cbe854078d1ac9338744f61a02 -> 
  custom:video-encoder-webm-vp8: eb34c28f22e8b96e1ab97ce403110664 -> 
  custom:framework-osx-AVFoundation: e770b220cccbd017edd2c1fefb359320 -> 
  custom:audio-encoder-webm-vorbis: bf7c407c2cedff20999df2af8eb42d56 -> 
  custom:container-demuxer-ogg: 62fdf1f143b41e24485cea50d1cbac27 -> 
  custom:video-decoder-webm-vp8: 9c59270c3fd7afecdb556c50c9e8de78 -> 
  custom:audio-decoder-ogg-vorbis: bf7c407c2cedff20999df2af8eb42d56 -> 
========================================================================
Received Prepare
Registering precompiled user dll's ...
Registered in 0.001956 seconds.
Begin MonoManager ReloadAssembly
Thread 0x16b3d7000 may have been prematurely finalized
Symbol file LoadedFromMemory doesn't match image /Users/fabian/Projects/TreasureHunt-Main/TreasureHunt/TreasureHunt/Library/PackageCache/com.unity.visualscripting@1.7.8/Editor/VisualScripting.Core/Dependencies/YamlDotNet/Unity.VisualScripting.YamlDotNet.dll
Symbol file LoadedFromMemory doesn't match image /Users/fabian/Projects/TreasureHunt-Main/TreasureHunt/TreasureHunt/Library/PackageCache/com.unity.visualscripting@1.7.8/Editor/VisualScripting.Core/Dependencies/DotNetZip/Unity.VisualScripting.IonicZip.dll
Native extension for OSXStandalone target not found
Native extension for WebGL target not found
Refreshing native plugins compatible for Editor in 0.38 ms, found 3 plugins.
Preloading 0 native plugins for Editor in 0.00 ms.
Mono: successfully reloaded assembly
- Completed reload, in  0.583 seconds
Domain Reload Profiling:
	ReloadAssembly (584ms)
		BeginReloadAssembly (89ms)
			ExecutionOrderSort (0ms)
			DisableScriptedObjects (4ms)
			BackupInstance (0ms)
			ReleaseScriptingObjects (0ms)
			CreateAndSetChildDomain (41ms)
		EndReloadAssembly (443ms)
			LoadAssemblies (35ms)
			RebuildTransferFunctionScriptingTraits (0ms)
			SetupTypeCache (141ms)
			ReleaseScriptCaches (1ms)
			RebuildScriptCaches (29ms)
			SetupLoadedEditorAssemblies (215ms)
				LogAssemblyErrors (0ms)
				InitializePlatformSupportModulesInManaged (4ms)
				SetLoadedEditorAssemblies (0ms)
				RefreshPlugins (0ms)
				BeforeProcessingInitializeOnLoad (37ms)
				ProcessInitializeOnLoadAttributes (153ms)
				ProcessInitializeOnLoadMethodAttributes (18ms)
				AfterProcessingInitializeOnLoad (1ms)
				EditorAssembliesLoaded (0ms)
			ExecutionOrderSort2 (0ms)
			AwakeInstancesAfterBackupRestoration (3ms)
Platform modules already initialized, skipping
Refreshing native plugins compatible for Editor in 0.91 ms, found 3 plugins.
Preloading 0 native plugins for Editor in 0.00 ms.
Unloading 4237 Unused Serialized files (Serialized files now loaded: 0)
Unloading 32 unused Assets / (220.4 KB). Loaded Objects now: 4760.
Memory consumption went from 163.9 MB to 163.7 MB.
Total: 2.412125 ms (FindLiveObjects: 0.136417 ms CreateObjectMapping: 0.061833 ms MarkObjects: 2.129000 ms  DeleteObjects: 0.084292 ms)

AssetImportParameters requested are different than current active one (requested -> active):
  custom:video-decoder-ogg-theora: a1e56fd34408186e4bbccfd4996cb3dc -> 
  custom:container-muxer-webm: aa71ff27fc2769a1b78a27578f13a17b -> 
  custom:container-demuxer-webm: 4f35f7cbe854078d1ac9338744f61a02 -> 
  custom:video-encoder-webm-vp8: eb34c28f22e8b96e1ab97ce403110664 -> 
  custom:framework-osx-AVFoundation: e770b220cccbd017edd2c1fefb359320 -> 
  custom:audio-encoder-webm-vorbis: bf7c407c2cedff20999df2af8eb42d56 -> 
  custom:container-demuxer-ogg: 62fdf1f143b41e24485cea50d1cbac27 -> 
  custom:video-decoder-webm-vp8: 9c59270c3fd7afecdb556c50c9e8de78 -> 
  custom:audio-decoder-ogg-vorbis: bf7c407c2cedff20999df2af8eb42d56 -> 
========================================================================
Received Prepare
Registering precompiled user dll's ...
Registered in 0.002488 seconds.
Begin MonoManager ReloadAssembly
Thread 0x16b3d7000 may have been prematurely finalized
Symbol file LoadedFromMemory doesn't match image /Users/fabian/Projects/TreasureHunt-Main/TreasureHunt/TreasureHunt/Library/PackageCache/com.unity.visualscripting@1.7.8/Editor/VisualScripting.Core/Dependencies/YamlDotNet/Unity.VisualScripting.YamlDotNet.dll
Symbol file LoadedFromMemory doesn't match image /Users/fabian/Projects/TreasureHunt-Main/TreasureHunt/TreasureHunt/Library/PackageCache/com.unity.visualscripting@1.7.8/Editor/VisualScripting.Core/Dependencies/DotNetZip/Unity.VisualScripting.IonicZip.dll
Native extension for OSXStandalone target not found
Native extension for WebGL target not found
Refreshing native plugins compatible for Editor in 0.40 ms, found 3 plugins.
Preloading 0 native plugins for Editor in 0.00 ms.
Mono: successfully reloaded assembly
- Completed reload, in  0.562 seconds
Domain Reload Profiling:
	ReloadAssembly (562ms)
		BeginReloadAssembly (70ms)
			ExecutionOrderSort (0ms)
			DisableScriptedObjects (3ms)
			BackupInstance (0ms)
			ReleaseScriptingObjects (0ms)
			CreateAndSetChildDomain (27ms)
		EndReloadAssembly (441ms)
			LoadAssemblies (33ms)
			RebuildTransferFunctionScriptingTraits (0ms)
			SetupTypeCache (140ms)
			ReleaseScriptCaches (1ms)
			RebuildScriptCaches (29ms)
			SetupLoadedEditorAssemblies (215ms)
				LogAssemblyErrors (0ms)
				InitializePlatformSupportModulesInManaged (4ms)
				SetLoadedEditorAssemblies (0ms)
				RefreshPlugins (0ms)
				BeforeProcessingInitializeOnLoad (38ms)
				ProcessInitializeOnLoadAttributes (152ms)
				ProcessInitializeOnLoadMethodAttributes (19ms)
				AfterProcessingInitializeOnLoad (1ms)
				EditorAssembliesLoaded (0ms)
			ExecutionOrderSort2 (0ms)
			AwakeInstancesAfterBackupRestoration (3ms)
Platform modules already initialized, skipping
Refreshing native plugins compatible for Editor in 0.89 ms, found 3 plugins.
Preloading 0 native plugins for Editor in 0.00 ms.
Unloading 4237 Unused Serialized files (Serialized files now loaded: 0)
Unloading 32 unused Assets / (221.6 KB). Loaded Objects now: 4775.
Memory consumption went from 163.9 MB to 163.7 MB.
Total: 2.409583 ms (FindLiveObjects: 0.150666 ms CreateObjectMapping: 0.065875 ms MarkObjects: 2.081583 ms  DeleteObjects: 0.110875 ms)

AssetImportParameters requested are different than current active one (requested -> active):
  custom:video-decoder-ogg-theora: a1e56fd34408186e4bbccfd4996cb3dc -> 
  custom:container-muxer-webm: aa71ff27fc2769a1b78a27578f13a17b -> 
  custom:container-demuxer-webm: 4f35f7cbe854078d1ac9338744f61a02 -> 
  custom:video-encoder-webm-vp8: eb34c28f22e8b96e1ab97ce403110664 -> 
  custom:framework-osx-AVFoundation: e770b220cccbd017edd2c1fefb359320 -> 
  custom:audio-encoder-webm-vorbis: bf7c407c2cedff20999df2af8eb42d56 -> 
  custom:container-demuxer-ogg: 62fdf1f143b41e24485cea50d1cbac27 -> 
  custom:video-decoder-webm-vp8: 9c59270c3fd7afecdb556c50c9e8de78 -> 
  custom:audio-decoder-ogg-vorbis: bf7c407c2cedff20999df2af8eb42d56 -> 
========================================================================
Received Prepare
Registering precompiled user dll's ...
Registered in 0.002416 seconds.
Begin MonoManager ReloadAssembly
Thread 0x16b3d7000 may have been prematurely finalized
Symbol file LoadedFromMemory doesn't match image /Users/fabian/Projects/TreasureHunt-Main/TreasureHunt/TreasureHunt/Library/PackageCache/com.unity.visualscripting@1.7.8/Editor/VisualScripting.Core/Dependencies/YamlDotNet/Unity.VisualScripting.YamlDotNet.dll
Symbol file LoadedFromMemory doesn't match image /Users/fabian/Projects/TreasureHunt-Main/TreasureHunt/TreasureHunt/Library/PackageCache/com.unity.visualscripting@1.7.8/Editor/VisualScripting.Core/Dependencies/DotNetZip/Unity.VisualScripting.IonicZip.dll
Native extension for OSXStandalone target not found
Native extension for WebGL target not found
Refreshing native plugins compatible for Editor in 0.39 ms, found 3 plugins.
Preloading 0 native plugins for Editor in 0.00 ms.
Mono: successfully reloaded assembly
- Completed reload, in  0.592 seconds
Domain Reload Profiling:
	ReloadAssembly (592ms)
		BeginReloadAssembly (92ms)
			ExecutionOrderSort (0ms)
			DisableScriptedObjects (4ms)
			BackupInstance (0ms)
			ReleaseScriptingObjects (0ms)
			CreateAndSetChildDomain (45ms)
		EndReloadAssembly (449ms)
			LoadAssemblies (35ms)
			RebuildTransferFunctionScriptingTraits (0ms)
			SetupTypeCache (145ms)
			ReleaseScriptCaches (1ms)
			RebuildScriptCaches (29ms)
			SetupLoadedEditorAssemblies (215ms)
				LogAssemblyErrors (0ms)
				InitializePlatformSupportModulesInManaged (5ms)
				SetLoadedEditorAssemblies (0ms)
				RefreshPlugins (0ms)
				BeforeProcessingInitializeOnLoad (38ms)
				ProcessInitializeOnLoadAttributes (153ms)
				ProcessInitializeOnLoadMethodAttributes (17ms)
				AfterProcessingInitializeOnLoad (1ms)
				EditorAssembliesLoaded (0ms)
			ExecutionOrderSort2 (0ms)
			AwakeInstancesAfterBackupRestoration (3ms)
Platform modules already initialized, skipping
Refreshing native plugins compatible for Editor in 1.41 ms, found 3 plugins.
Preloading 0 native plugins for Editor in 0.00 ms.
Unloading 4237 Unused Serialized files (Serialized files now loaded: 0)
Unloading 32 unused Assets / (217.9 KB). Loaded Objects now: 4790.
Memory consumption went from 164.0 MB to 163.7 MB.
Total: 2.693500 ms (FindLiveObjects: 0.125542 ms CreateObjectMapping: 0.070583 ms MarkObjects: 2.400667 ms  DeleteObjects: 0.096292 ms)

AssetImportParameters requested are different than current active one (requested -> active):
  custom:video-decoder-ogg-theora: a1e56fd34408186e4bbccfd4996cb3dc -> 
  custom:container-muxer-webm: aa71ff27fc2769a1b78a27578f13a17b -> 
  custom:container-demuxer-webm: 4f35f7cbe854078d1ac9338744f61a02 -> 
  custom:video-encoder-webm-vp8: eb34c28f22e8b96e1ab97ce403110664 -> 
  custom:framework-osx-AVFoundation: e770b220cccbd017edd2c1fefb359320 -> 
  custom:audio-encoder-webm-vorbis: bf7c407c2cedff20999df2af8eb42d56 -> 
  custom:container-demuxer-ogg: 62fdf1f143b41e24485cea50d1cbac27 -> 
  custom:video-decoder-webm-vp8: 9c59270c3fd7afecdb556c50c9e8de78 -> 
  custom:audio-decoder-ogg-vorbis: bf7c407c2cedff20999df2af8eb42d56 -> 
